This is pdfTeX, Version 3.14159265-2.6-1.40.16 (TeX Live 2015) (preloaded format=pdflatex 2015.5.24)  30 DEC 2015 12:22
entering extended mode
 restricted \write18 enabled.
 %&-line parsing enabled.
**tesi.tex
(./tesi.tex
LaTeX2e <2015/01/01>
Babel <3.9l> and hyphenation patterns for 79 languages loaded.
(/usr/local/texlive/2015/texmf-dist/tex/latex/base/book.cls
Document Class: book 2014/09/29 v1.4h Standard LaTeX document class
(/usr/local/texlive/2015/texmf-dist/tex/latex/base/bk10.clo
File: bk10.clo 2014/09/29 v1.4h Standard LaTeX file (size option)
)
\c@part=\count79
\c@chapter=\count80
\c@section=\count81
\c@subsection=\count82
\c@subsubsection=\count83
\c@paragraph=\count84
\c@subparagraph=\count85
\c@figure=\count86
\c@table=\count87
\abovecaptionskip=\skip41
\belowcaptionskip=\skip42
\bibindent=\dimen102
)
(/usr/local/texlive/2015/texmf-dist/tex/latex/base/inputenc.sty
Package: inputenc 2015/03/17 v1.2c Input encoding file
\inpenc@prehook=\toks14
\inpenc@posthook=\toks15

(/usr/local/texlive/2015/texmf-dist/tex/latex/base/utf8.def
File: utf8.def 2014/09/29 v1.1m UTF-8 support for inputenc
Now handling font encoding OML ...
... no UTF-8 mapping file for font encoding OML
Now handling font encoding T1 ...
... processing UTF-8 mapping file for font encoding T1

(/usr/local/texlive/2015/texmf-dist/tex/latex/base/t1enc.dfu
File: t1enc.dfu 2014/09/29 v1.1m UTF-8 support for inputenc
   defining Unicode char U+00A1 (decimal 161)
   defining Unicode char U+00A3 (decimal 163)
   defining Unicode char U+00AB (decimal 171)
   defining Unicode char U+00BB (decimal 187)
   defining Unicode char U+00BF (decimal 191)
   defining Unicode char U+00C0 (decimal 192)
   defining Unicode char U+00C1 (decimal 193)
   defining Unicode char U+00C2 (decimal 194)
   defining Unicode char U+00C3 (decimal 195)
   defining Unicode char U+00C4 (decimal 196)
   defining Unicode char U+00C5 (decimal 197)
   defining Unicode char U+00C6 (decimal 198)
   defining Unicode char U+00C7 (decimal 199)
   defining Unicode char U+00C8 (decimal 200)
   defining Unicode char U+00C9 (decimal 201)
   defining Unicode char U+00CA (decimal 202)
   defining Unicode char U+00CB (decimal 203)
   defining Unicode char U+00CC (decimal 204)
   defining Unicode char U+00CD (decimal 205)
   defining Unicode char U+00CE (decimal 206)
   defining Unicode char U+00CF (decimal 207)
   defining Unicode char U+00D0 (decimal 208)
   defining Unicode char U+00D1 (decimal 209)
   defining Unicode char U+00D2 (decimal 210)
   defining Unicode char U+00D3 (decimal 211)
   defining Unicode char U+00D4 (decimal 212)
   defining Unicode char U+00D5 (decimal 213)
   defining Unicode char U+00D6 (decimal 214)
   defining Unicode char U+00D8 (decimal 216)
   defining Unicode char U+00D9 (decimal 217)
   defining Unicode char U+00DA (decimal 218)
   defining Unicode char U+00DB (decimal 219)
   defining Unicode char U+00DC (decimal 220)
   defining Unicode char U+00DD (decimal 221)
   defining Unicode char U+00DE (decimal 222)
   defining Unicode char U+00DF (decimal 223)
   defining Unicode char U+00E0 (decimal 224)
   defining Unicode char U+00E1 (decimal 225)
   defining Unicode char U+00E2 (decimal 226)
   defining Unicode char U+00E3 (decimal 227)
   defining Unicode char U+00E4 (decimal 228)
   defining Unicode char U+00E5 (decimal 229)
   defining Unicode char U+00E6 (decimal 230)
   defining Unicode char U+00E7 (decimal 231)
   defining Unicode char U+00E8 (decimal 232)
   defining Unicode char U+00E9 (decimal 233)
   defining Unicode char U+00EA (decimal 234)
   defining Unicode char U+00EB (decimal 235)
   defining Unicode char U+00EC (decimal 236)
   defining Unicode char U+00ED (decimal 237)
   defining Unicode char U+00EE (decimal 238)
   defining Unicode char U+00EF (decimal 239)
   defining Unicode char U+00F0 (decimal 240)
   defining Unicode char U+00F1 (decimal 241)
   defining Unicode char U+00F2 (decimal 242)
   defining Unicode char U+00F3 (decimal 243)
   defining Unicode char U+00F4 (decimal 244)
   defining Unicode char U+00F5 (decimal 245)
   defining Unicode char U+00F6 (decimal 246)
   defining Unicode char U+00F8 (decimal 248)
   defining Unicode char U+00F9 (decimal 249)
   defining Unicode char U+00FA (decimal 250)
   defining Unicode char U+00FB (decimal 251)
   defining Unicode char U+00FC (decimal 252)
   defining Unicode char U+00FD (decimal 253)
   defining Unicode char U+00FE (decimal 254)
   defining Unicode char U+00FF (decimal 255)
   defining Unicode char U+0102 (decimal 258)
   defining Unicode char U+0103 (decimal 259)
   defining Unicode char U+0104 (decimal 260)
   defining Unicode char U+0105 (decimal 261)
   defining Unicode char U+0106 (decimal 262)
   defining Unicode char U+0107 (decimal 263)
   defining Unicode char U+010C (decimal 268)
   defining Unicode char U+010D (decimal 269)
   defining Unicode char U+010E (decimal 270)
   defining Unicode char U+010F (decimal 271)
   defining Unicode char U+0110 (decimal 272)
   defining Unicode char U+0111 (decimal 273)
   defining Unicode char U+0118 (decimal 280)
   defining Unicode char U+0119 (decimal 281)
   defining Unicode char U+011A (decimal 282)
   defining Unicode char U+011B (decimal 283)
   defining Unicode char U+011E (decimal 286)
   defining Unicode char U+011F (decimal 287)
   defining Unicode char U+0130 (decimal 304)
   defining Unicode char U+0131 (decimal 305)
   defining Unicode char U+0132 (decimal 306)
   defining Unicode char U+0133 (decimal 307)
   defining Unicode char U+0139 (decimal 313)
   defining Unicode char U+013A (decimal 314)
   defining Unicode char U+013D (decimal 317)
   defining Unicode char U+013E (decimal 318)
   defining Unicode char U+0141 (decimal 321)
   defining Unicode char U+0142 (decimal 322)
   defining Unicode char U+0143 (decimal 323)
   defining Unicode char U+0144 (decimal 324)
   defining Unicode char U+0147 (decimal 327)
   defining Unicode char U+0148 (decimal 328)
   defining Unicode char U+014A (decimal 330)
   defining Unicode char U+014B (decimal 331)
   defining Unicode char U+0150 (decimal 336)
   defining Unicode char U+0151 (decimal 337)
   defining Unicode char U+0152 (decimal 338)
   defining Unicode char U+0153 (decimal 339)
   defining Unicode char U+0154 (decimal 340)
   defining Unicode char U+0155 (decimal 341)
   defining Unicode char U+0158 (decimal 344)
   defining Unicode char U+0159 (decimal 345)
   defining Unicode char U+015A (decimal 346)
   defining Unicode char U+015B (decimal 347)
   defining Unicode char U+015E (decimal 350)
   defining Unicode char U+015F (decimal 351)
   defining Unicode char U+0160 (decimal 352)
   defining Unicode char U+0161 (decimal 353)
   defining Unicode char U+0162 (decimal 354)
   defining Unicode char U+0163 (decimal 355)
   defining Unicode char U+0164 (decimal 356)
   defining Unicode char U+0165 (decimal 357)
   defining Unicode char U+016E (decimal 366)
   defining Unicode char U+016F (decimal 367)
   defining Unicode char U+0170 (decimal 368)
   defining Unicode char U+0171 (decimal 369)
   defining Unicode char U+0178 (decimal 376)
   defining Unicode char U+0179 (decimal 377)
   defining Unicode char U+017A (decimal 378)
   defining Unicode char U+017B (decimal 379)
   defining Unicode char U+017C (decimal 380)
   defining Unicode char U+017D (decimal 381)
   defining Unicode char U+017E (decimal 382)
   defining Unicode char U+200C (decimal 8204)
   defining Unicode char U+2013 (decimal 8211)
   defining Unicode char U+2014 (decimal 8212)
   defining Unicode char U+2018 (decimal 8216)
   defining Unicode char U+2019 (decimal 8217)
   defining Unicode char U+201A (decimal 8218)
   defining Unicode char U+201C (decimal 8220)
   defining Unicode char U+201D (decimal 8221)
   defining Unicode char U+201E (decimal 8222)
   defining Unicode char U+2030 (decimal 8240)
   defining Unicode char U+2031 (decimal 8241)
   defining Unicode char U+2039 (decimal 8249)
   defining Unicode char U+203A (decimal 8250)
   defining Unicode char U+2423 (decimal 9251)
)
Now handling font encoding OT1 ...
... processing UTF-8 mapping file for font encoding OT1

(/usr/local/texlive/2015/texmf-dist/tex/latex/base/ot1enc.dfu
File: ot1enc.dfu 2014/09/29 v1.1m UTF-8 support for inputenc
   defining Unicode char U+00A1 (decimal 161)
   defining Unicode char U+00A3 (decimal 163)
   defining Unicode char U+00B8 (decimal 184)
   defining Unicode char U+00BF (decimal 191)
   defining Unicode char U+00C5 (decimal 197)
   defining Unicode char U+00C6 (decimal 198)
   defining Unicode char U+00D8 (decimal 216)
   defining Unicode char U+00DF (decimal 223)
   defining Unicode char U+00E6 (decimal 230)
   defining Unicode char U+00EC (decimal 236)
   defining Unicode char U+00ED (decimal 237)
   defining Unicode char U+00EE (decimal 238)
   defining Unicode char U+00EF (decimal 239)
   defining Unicode char U+00F8 (decimal 248)
   defining Unicode char U+0131 (decimal 305)
   defining Unicode char U+0141 (decimal 321)
   defining Unicode char U+0142 (decimal 322)
   defining Unicode char U+0152 (decimal 338)
   defining Unicode char U+0153 (decimal 339)
   defining Unicode char U+2013 (decimal 8211)
   defining Unicode char U+2014 (decimal 8212)
   defining Unicode char U+2018 (decimal 8216)
   defining Unicode char U+2019 (decimal 8217)
   defining Unicode char U+201C (decimal 8220)
   defining Unicode char U+201D (decimal 8221)
)
Now handling font encoding OMS ...
... processing UTF-8 mapping file for font encoding OMS

(/usr/local/texlive/2015/texmf-dist/tex/latex/base/omsenc.dfu
File: omsenc.dfu 2014/09/29 v1.1m UTF-8 support for inputenc
   defining Unicode char U+00A7 (decimal 167)
   defining Unicode char U+00B6 (decimal 182)
   defining Unicode char U+00B7 (decimal 183)
   defining Unicode char U+2020 (decimal 8224)
   defining Unicode char U+2021 (decimal 8225)
   defining Unicode char U+2022 (decimal 8226)
)
Now handling font encoding OMX ...
... no UTF-8 mapping file for font encoding OMX
Now handling font encoding U ...
... no UTF-8 mapping file for font encoding U
   defining Unicode char U+00A9 (decimal 169)
   defining Unicode char U+00AA (decimal 170)
   defining Unicode char U+00AE (decimal 174)
   defining Unicode char U+00BA (decimal 186)
   defining Unicode char U+02C6 (decimal 710)
   defining Unicode char U+02DC (decimal 732)
   defining Unicode char U+200C (decimal 8204)
   defining Unicode char U+2026 (decimal 8230)
   defining Unicode char U+2122 (decimal 8482)
   defining Unicode char U+2423 (decimal 9251)
))
(/usr/local/texlive/2015/texmf-dist/tex/generic/babel/babel.sty
Package: babel 2014/09/25 3.9l The Babel package

(/usr/local/texlive/2015/texmf-dist/tex/generic/babel-english/english.ldf
Language: english 2012/08/20 v3.3p English support from the babel system

(/usr/local/texlive/2015/texmf-dist/tex/generic/babel/babel.def
File: babel.def 2014/09/25 3.9l Babel common definitions
\babel@savecnt=\count88
\U@D=\dimen103
)
\l@canadian = a dialect from \language\l@american 
\l@australian = a dialect from \language\l@british 
\l@newzealand = a dialect from \language\l@british 
)
(/usr/local/texlive/2015/texmf-dist/tex/generic/babel-italian/italian.ldf
Language: italian 2015/03/26 v1.3n Italian support from the babel system
\it@lettering=\count89
\it@doublequoteactive=\count90
\it@ISOcompliance=\count91
))
(/usr/local/texlive/2015/texmf-dist/tex/latex/etoolbox/etoolbox.sty
Package: etoolbox 2015/05/04 v2.2 e-TeX tools for LaTeX (JAW)
\etb@tempcnta=\count92
)
(/usr/local/texlive/2015/texmf-dist/tex/latex/oberdiek/bookmark.sty
Package: bookmark 2011/12/02 v1.24 PDF bookmarks (HO)

(/usr/local/texlive/2015/texmf-dist/tex/generic/oberdiek/pdfescape.sty
Package: pdfescape 2011/11/25 v1.13 Implements pdfTeX's escape features (HO)

(/usr/local/texlive/2015/texmf-dist/tex/generic/oberdiek/ltxcmds.sty
Package: ltxcmds 2011/11/09 v1.22 LaTeX kernel commands for general use (HO)
)
(/usr/local/texlive/2015/texmf-dist/tex/generic/oberdiek/pdftexcmds.sty
Package: pdftexcmds 2011/11/29 v0.20 Utility functions of pdfTeX for LuaTeX (HO
)

(/usr/local/texlive/2015/texmf-dist/tex/generic/oberdiek/infwarerr.sty
Package: infwarerr 2010/04/08 v1.3 Providing info/warning/error messages (HO)
)
(/usr/local/texlive/2015/texmf-dist/tex/generic/oberdiek/ifluatex.sty
Package: ifluatex 2010/03/01 v1.3 Provides the ifluatex switch (HO)
Package ifluatex Info: LuaTeX not detected.
)
(/usr/local/texlive/2015/texmf-dist/tex/generic/oberdiek/ifpdf.sty
Package: ifpdf 2011/01/30 v2.3 Provides the ifpdf switch (HO)
Package ifpdf Info: pdfTeX in PDF mode is detected.
)
Package pdftexcmds Info: LuaTeX not detected.
Package pdftexcmds Info: \pdf@primitive is available.
Package pdftexcmds Info: \pdf@ifprimitive is available.
Package pdftexcmds Info: \pdfdraftmode found.
))
(/usr/local/texlive/2015/texmf-dist/tex/generic/ifxetex/ifxetex.sty
Package: ifxetex 2010/09/12 v0.6 Provides ifxetex conditional
)
(/usr/local/texlive/2015/texmf-dist/tex/generic/oberdiek/ifvtex.sty
Package: ifvtex 2010/03/01 v1.5 Detect VTeX and its facilities (HO)
Package ifvtex Info: VTeX not detected.
)
(/usr/local/texlive/2015/texmf-dist/tex/latex/hyperref/hyperref.sty
Package: hyperref 2012/11/06 v6.83m Hypertext links for LaTeX

(/usr/local/texlive/2015/texmf-dist/tex/generic/oberdiek/hobsub-hyperref.sty
Package: hobsub-hyperref 2012/05/28 v1.13 Bundle oberdiek, subset hyperref (HO)


(/usr/local/texlive/2015/texmf-dist/tex/generic/oberdiek/hobsub-generic.sty
Package: hobsub-generic 2012/05/28 v1.13 Bundle oberdiek, subset generic (HO)
Package: hobsub 2012/05/28 v1.13 Construct package bundles (HO)
Package hobsub Info: Skipping package `infwarerr' (already loaded).
Package hobsub Info: Skipping package `ltxcmds' (already loaded).
Package hobsub Info: Skipping package `ifluatex' (already loaded).
Package hobsub Info: Skipping package `ifvtex' (already loaded).
Package: intcalc 2007/09/27 v1.1 Expandable calculations with integers (HO)
Package hobsub Info: Skipping package `ifpdf' (already loaded).
Package: etexcmds 2011/02/16 v1.5 Avoid name clashes with e-TeX commands (HO)
Package etexcmds Info: Could not find \expanded.
(etexcmds)             That can mean that you are not using pdfTeX 1.50 or
(etexcmds)             that some package has redefined \expanded.
(etexcmds)             In the latter case, load this package earlier.
Package: kvsetkeys 2012/04/25 v1.16 Key value parser (HO)
Package: kvdefinekeys 2011/04/07 v1.3 Define keys (HO)
Package hobsub Info: Skipping package `pdftexcmds' (already loaded).
Package hobsub Info: Skipping package `pdfescape' (already loaded).
Package: bigintcalc 2012/04/08 v1.3 Expandable calculations on big integers (HO
)
Package: bitset 2011/01/30 v1.1 Handle bit-vector datatype (HO)
Package: uniquecounter 2011/01/30 v1.2 Provide unlimited unique counter (HO)
)
Package hobsub Info: Skipping package `hobsub' (already loaded).
Package: letltxmacro 2010/09/02 v1.4 Let assignment for LaTeX macros (HO)
Package: hopatch 2012/05/28 v1.2 Wrapper for package hooks (HO)
Package: xcolor-patch 2011/01/30 xcolor patch
Package: atveryend 2011/06/30 v1.8 Hooks at the very end of document (HO)
Package: atbegshi 2011/10/05 v1.16 At begin shipout hook (HO)
Package: refcount 2011/10/16 v3.4 Data extraction from label references (HO)
Package: hycolor 2011/01/30 v1.7 Color options for hyperref/bookmark (HO)
)
(/usr/local/texlive/2015/texmf-dist/tex/latex/graphics/keyval.sty
Package: keyval 2014/10/28 v1.15 key=value parser (DPC)
\KV@toks@=\toks16
)
(/usr/local/texlive/2015/texmf-dist/tex/latex/oberdiek/auxhook.sty
Package: auxhook 2011/03/04 v1.3 Hooks for auxiliary files (HO)
)
(/usr/local/texlive/2015/texmf-dist/tex/latex/oberdiek/kvoptions.sty
Package: kvoptions 2011/06/30 v3.11 Key value format for package options (HO)
)
\@linkdim=\dimen104
\Hy@linkcounter=\count93
\Hy@pagecounter=\count94

(/usr/local/texlive/2015/texmf-dist/tex/latex/hyperref/pd1enc.def
File: pd1enc.def 2012/11/06 v6.83m Hyperref: PDFDocEncoding definition (HO)
Now handling font encoding PD1 ...
... no UTF-8 mapping file for font encoding PD1
)
\Hy@SavedSpaceFactor=\count95

(/usr/local/texlive/2015/texmf-dist/tex/latex/latexconfig/hyperref.cfg
File: hyperref.cfg 2002/06/06 v1.2 hyperref configuration of TeXLive
)
Package hyperref Info: Hyper figures OFF on input line 4443.
Package hyperref Info: Link nesting OFF on input line 4448.
Package hyperref Info: Hyper index ON on input line 4451.
Package hyperref Info: Plain pages OFF on input line 4458.
Package hyperref Info: Backreferencing OFF on input line 4463.
Package hyperref Info: Implicit mode ON; LaTeX internals redefined.
Package hyperref Info: Bookmarks ON on input line 4688.
\c@Hy@tempcnt=\count96

(/usr/local/texlive/2015/texmf-dist/tex/latex/url/url.sty
\Urlmuskip=\muskip10
Package: url 2013/09/16  ver 3.4  Verb mode for urls, etc.
)
LaTeX Info: Redefining \url on input line 5041.
\XeTeXLinkMargin=\dimen105
\Fld@menulength=\count97
\Field@Width=\dimen106
\Fld@charsize=\dimen107
Package hyperref Info: Hyper figures OFF on input line 6295.
Package hyperref Info: Link nesting OFF on input line 6300.
Package hyperref Info: Hyper index ON on input line 6303.
Package hyperref Info: backreferencing OFF on input line 6310.
Package hyperref Info: Link coloring OFF on input line 6315.
Package hyperref Info: Link coloring with OCG OFF on input line 6320.
Package hyperref Info: PDF/A mode OFF on input line 6325.
LaTeX Info: Redefining \ref on input line 6365.
LaTeX Info: Redefining \pageref on input line 6369.
\Hy@abspage=\count98
\c@Item=\count99
\c@Hfootnote=\count100
)

Package hyperref Message: Driver (autodetected): hpdftex.

(/usr/local/texlive/2015/texmf-dist/tex/latex/hyperref/hpdftex.def
File: hpdftex.def 2012/11/06 v6.83m Hyperref driver for pdfTeX
\Fld@listcount=\count101
\c@bookmark@seq@number=\count102

(/usr/local/texlive/2015/texmf-dist/tex/latex/oberdiek/rerunfilecheck.sty
Package: rerunfilecheck 2011/04/15 v1.7 Rerun checks for auxiliary files (HO)
Package uniquecounter Info: New unique counter `rerunfilecheck' on input line 2
82.
)
\Hy@SectionHShift=\skip43
)
(/usr/local/texlive/2015/texmf-dist/tex/latex/oberdiek/bkm-pdftex.def
File: bkm-pdftex.def 2011/12/02 v1.24 bookmark driver for pdfTeX (HO)
\BKM@id=\count103
))
(/usr/local/texlive/2015/texmf-dist/tex/latex/caption/caption.sty
Package: caption 2013/05/02 v3.3-89 Customizing captions (AR)

(/usr/local/texlive/2015/texmf-dist/tex/latex/caption/caption3.sty
Package: caption3 2013/05/02 v1.6-88 caption3 kernel (AR)
Package caption3 Info: TeX engine: e-TeX on input line 57.
\captionmargin=\dimen108
\captionmargin@=\dimen109
\captionwidth=\dimen110
\caption@tempdima=\dimen111
\caption@indent=\dimen112
\caption@parindent=\dimen113
\caption@hangindent=\dimen114
)
\c@ContinuedFloat=\count104
Package caption Info: hyperref package is loaded.
)
(/usr/local/texlive/2015/texmf-dist/tex/latex/changepage/chngpage.sty
Package: chngpage 2009/10/20 v1.2b change page layout
\c@cp@cnt=\count105
\c@cp@tempcnt=\count106
)
(/usr/local/texlive/2015/texmf-dist/tex/latex/tools/calc.sty
Package: calc 2014/10/28 v4.3 Infix arithmetic (KKT,FJ)
\calc@Acount=\count107
\calc@Bcount=\count108
\calc@Adimen=\dimen115
\calc@Bdimen=\dimen116
\calc@Askip=\skip44
\calc@Bskip=\skip45
LaTeX Info: Redefining \setlength on input line 80.
LaTeX Info: Redefining \addtolength on input line 81.
\calc@Ccount=\count109
\calc@Cskip=\skip46
)
(/usr/local/texlive/2015/texmf-dist/tex/latex/csquotes/csquotes.sty
Package: csquotes 2015/04/15 v5.1e context-sensitive quotations (JAW)
\csq@reset=\count110
\csq@gtype=\count111
\csq@glevel=\count112
\csq@qlevel=\count113
\csq@maxlvl=\count114
\csq@tshold=\count115
\csq@ltx@everypar=\toks17

(/usr/local/texlive/2015/texmf-dist/tex/latex/csquotes/csquotes.def
File: csquotes.def 2015/04/15 v5.1e csquotes generic definitions (JAW)
)
Package csquotes Info: Trying to load configuration file 'csquotes.cfg'...
Package csquotes Info: ... configuration file loaded successfully.

(/usr/local/texlive/2015/texmf-dist/tex/latex/csquotes/csquotes.cfg
File: csquotes.cfg 
))
(/usr/local/texlive/2015/texmf-dist/tex/latex/emptypage/emptypage.sty
Package: emptypage 2010/05/30 v1.2 Suppress page numbers and headings on empty 
pages
)
(/usr/local/texlive/2015/texmf-dist/tex/latex/epigraph/epigraph.sty
Package: epigraph 2009/09/02 v1.5c typesetting epigraphs
\beforeepigraphskip=\skip47
\afterepigraphskip=\skip48
\epigraphwidth=\skip49
\epigraphrule=\skip50
)
(/usr/local/texlive/2015/texmf-dist/tex/latex/eurosym/eurosym.sty
Package: eurosym 1998/08/06 v1.1 European currency symbol ``Euro''
\@eurobox=\box26
)
(/usr/local/texlive/2015/texmf-dist/tex/latex/base/fontenc.sty
Package: fontenc 2005/09/27 v1.99g Standard LaTeX package

(/usr/local/texlive/2015/texmf-dist/tex/latex/base/t1enc.def
File: t1enc.def 2005/09/27 v1.99g Standard LaTeX file
LaTeX Font Info:    Redeclaring font encoding T1 on input line 48.
))
(/usr/local/texlive/2015/texmf-dist/tex/latex/graphics/graphicx.sty
Package: graphicx 2014/10/28 v1.0g Enhanced LaTeX Graphics (DPC,SPQR)

(/usr/local/texlive/2015/texmf-dist/tex/latex/graphics/graphics.sty
Package: graphics 2014/10/28 v1.0p Standard LaTeX Graphics (DPC,SPQR)

(/usr/local/texlive/2015/texmf-dist/tex/latex/graphics/trig.sty
Package: trig 1999/03/16 v1.09 sin cos tan (DPC)
)
(/usr/local/texlive/2015/texmf-dist/tex/latex/latexconfig/graphics.cfg
File: graphics.cfg 2010/04/23 v1.9 graphics configuration of TeX Live
)
Package graphics Info: Driver file: pdftex.def on input line 94.

(/usr/local/texlive/2015/texmf-dist/tex/latex/pdftex-def/pdftex.def
File: pdftex.def 2011/05/27 v0.06d Graphics/color for pdfTeX
\Gread@gobject=\count116
))
\Gin@req@height=\dimen117
\Gin@req@width=\dimen118
)
(/usr/local/texlive/2015/texmf-dist/tex/latex/layaureo/layaureo.sty
Package: layaureo 2004/09/16 v0.2

(/usr/local/texlive/2015/texmf-dist/tex/latex/geometry/geometry.sty
Package: geometry 2010/09/12 v5.6 Page Geometry
\Gm@cnth=\count117
\Gm@cntv=\count118
\c@Gm@tempcnt=\count119
\Gm@bindingoffset=\dimen119
\Gm@wd@mp=\dimen120
\Gm@odd@mp=\dimen121
\Gm@even@mp=\dimen122
\Gm@layoutwidth=\dimen123
\Gm@layoutheight=\dimen124
\Gm@layouthoffset=\dimen125
\Gm@layoutvoffset=\dimen126
\Gm@dimlist=\toks18
)
\LA@MargineRilegatura=\skip51
\LA@LarghezzaTesto=\skip52
\LA@AltezzaTesto=\skip53
\LA@MargineSinistro=\skip54
\LA@MargineSuperiore=\skip55
)
(/usr/local/texlive/2015/texmf-dist/tex/latex/microtype/microtype.sty
Package: microtype 2013/05/23 v2.5a Micro-typographical refinements (RS)
\MT@toks=\toks19
\MT@count=\count120
LaTeX Info: Redefining \textls on input line 766.
\MT@outer@kern=\dimen127
LaTeX Info: Redefining \textmicrotypecontext on input line 1285.
\MT@listname@count=\count121

(/usr/local/texlive/2015/texmf-dist/tex/latex/microtype/microtype-pdftex.def
File: microtype-pdftex.def 2013/05/23 v2.5a Definitions specific to pdftex (RS)

LaTeX Info: Redefining \lsstyle on input line 915.
LaTeX Info: Redefining \lslig on input line 915.
\MT@outer@space=\skip56
)
Package microtype Info: Loading configuration file microtype.cfg.

(/usr/local/texlive/2015/texmf-dist/tex/latex/microtype/microtype.cfg
File: microtype.cfg 2013/05/23 v2.5a microtype main configuration file (RS)
))
(/usr/local/texlive/2015/texmf-dist/tex/latex/mparhack/mparhack.sty
Package: mparhack 2005/04/17 v1.4 (T. Sgouros and S. Ulrich)
)
(/usr/local/texlive/2015/texmf-dist/tex/latex/base/fixltx2e.sty
Package: fixltx2e 2015/02/21 v2.0a fixes to LaTeX (obsolete)


Package fixltx2e Warning: fixltx2e is not required with releases after 2015
(fixltx2e)                All fixes are now in the LaTeX kernel.
(fixltx2e)                See the latexrelease package for details.

) (/usr/local/texlive/2015/texmf-dist/tex/latex/relsize/relsize.sty
Package: relsize 2013/03/29 ver 4.1
)
(/usr/local/texlive/2015/texmf-dist/tex/latex/hyperref/nameref.sty
Package: nameref 2012/10/27 v2.43 Cross-referencing by name of section

(/usr/local/texlive/2015/texmf-dist/tex/generic/oberdiek/gettitlestring.sty
Package: gettitlestring 2010/12/03 v1.4 Cleanup title references (HO)
)
\c@section@level=\count122
)
(/usr/local/texlive/2015/texmf-dist/tex/latex/quoting/quoting.sty
Package: quoting 2014/01/28 v0.1c Consolidated environment for displayed text
\quo@toppartop=\skip57
)
(/usr/local/texlive/2015/texmf-dist/tex/latex/subfig/subfig.sty
Package: subfig 2005/06/28 ver: 1.3 subfig package
\c@KVtest=\count123
\sf@farskip=\skip58
\sf@captopadj=\dimen128
\sf@capskip=\skip59
\sf@nearskip=\skip60
\c@subfigure=\count124
\c@subfigure@save=\count125
\c@lofdepth=\count126
\c@subtable=\count127
\c@subtable@save=\count128
\c@lotdepth=\count129
\sf@top=\skip61
\sf@bottom=\skip62
)
(/usr/local/texlive/2015/texmf-dist/tex/latex/tools/varioref.sty
Package: varioref 2014/10/28 v1.5a package for extended references (FMi)
\c@vrcnt=\count130
)
(/usr/local/texlive/2015/texmf-dist/tex/latex/xcolor/xcolor.sty
Package: xcolor 2007/01/21 v2.11 LaTeX color extensions (UK)

(/usr/local/texlive/2015/texmf-dist/tex/latex/latexconfig/color.cfg
File: color.cfg 2007/01/18 v1.5 color configuration of teTeX/TeXLive
)
Package xcolor Info: Driver file: pdftex.def on input line 225.
Package xcolor Info: Model `cmy' substituted by `cmy0' on input line 1337.
Package xcolor Info: Model `hsb' substituted by `rgb' on input line 1341.
Package xcolor Info: Model `RGB' extended on input line 1353.
Package xcolor Info: Model `HTML' substituted by `rgb' on input line 1355.
Package xcolor Info: Model `Hsb' substituted by `hsb' on input line 1356.
Package xcolor Info: Model `tHsb' substituted by `hsb' on input line 1357.
Package xcolor Info: Model `HSB' substituted by `hsb' on input line 1358.
Package xcolor Info: Model `Gray' substituted by `gray' on input line 1359.
Package xcolor Info: Model `wave' substituted by `hsb' on input line 1360.

(/usr/local/texlive/2015/texmf-dist/tex/latex/graphics/dvipsnam.def
File: dvipsnam.def 2014/10/14 v3.0j Driver-dependent file (DPC,SPQR)
))
(/usr/local/texlive/2015/texmf-dist/tex/latex/booktabs/booktabs.sty
Package: booktabs 2005/04/14 v1.61803 publication quality tables
\heavyrulewidth=\dimen129
\lightrulewidth=\dimen130
\cmidrulewidth=\dimen131
\belowrulesep=\dimen132
\belowbottomsep=\dimen133
\aboverulesep=\dimen134
\abovetopsep=\dimen135
\cmidrulesep=\dimen136
\cmidrulekern=\dimen137
\defaultaddspace=\dimen138
\@cmidla=\count131
\@cmidlb=\count132
\@aboverulesep=\dimen139
\@belowrulesep=\dimen140
\@thisruleclass=\count133
\@lastruleclass=\count134
\@thisrulewidth=\dimen141
)
(/usr/local/texlive/2015/texmf-dist/tex/latex/tools/tabularx.sty
Package: tabularx 2014/10/28 v2.10 `tabularx' package (DPC)

(/usr/local/texlive/2015/texmf-dist/tex/latex/tools/array.sty
Package: array 2014/10/28 v2.4c Tabular extension package (FMi)
\col@sep=\dimen142
\extrarowheight=\dimen143
\NC@list=\toks20
\extratabsurround=\skip63
\backup@length=\skip64
)
\TX@col@width=\dimen144
\TX@old@table=\dimen145
\TX@old@col=\dimen146
\TX@target=\dimen147
\TX@delta=\dimen148
\TX@cols=\count135
\TX@ftn=\toks21
)
(/usr/local/texlive/2015/texmf-dist/tex/latex/tools/longtable.sty
Package: longtable 2014/10/28 v4.11 Multi-page Table package (DPC)
\LTleft=\skip65
\LTright=\skip66
\LTpre=\skip67
\LTpost=\skip68
\LTchunksize=\count136
\LTcapwidth=\dimen149
\LT@head=\box27
\LT@firsthead=\box28
\LT@foot=\box29
\LT@lastfoot=\box30
\LT@cols=\count137
\LT@rows=\count138
\c@LT@tables=\count139
\c@LT@chunks=\count140
\LT@p@ftn=\toks22
)
(/usr/local/texlive/2015/texmf-dist/tex/latex/carlisle/ltxtable.sty
Package: ltxtable 1995/12/11 v0.2 longtable/tabularx merge (DPC)
)
(/usr/local/texlive/2015/texmf-dist/tex/latex/glossaries/base/glossaries.sty
Package: glossaries 2015/03/16 v4.15 (NLCT)

(/usr/local/texlive/2015/texmf-dist/tex/latex/base/ifthen.sty
Package: ifthen 2014/09/29 v1.1c Standard LaTeX ifthen package (DPC)
)
(/usr/local/texlive/2015/texmf-dist/tex/latex/xkeyval/xkeyval.sty
Package: xkeyval 2014/12/03 v2.7a package option processing (HA)

(/usr/local/texlive/2015/texmf-dist/tex/generic/xkeyval/xkeyval.tex
(/usr/local/texlive/2015/texmf-dist/tex/generic/xkeyval/xkvutils.tex
\XKV@toks=\toks23
\XKV@tempa@toks=\toks24
)
\XKV@depth=\count141
File: xkeyval.tex 2014/12/03 v2.7a key=value parser (HA)
))
(/usr/local/texlive/2015/texmf-dist/tex/latex/glossaries/base/mfirstuc.sty
Package: mfirstuc 2015/02/03 v1.10 (NLCT)
\@glsmfirst=\toks25
\@glsmrest=\toks26
)
(/usr/local/texlive/2015/texmf-dist/tex/latex/textcase/textcase.sty
Package: textcase 2004/10/07 v0.07 Text only upper/lower case changing (DPC)
)
(/usr/local/texlive/2015/texmf-dist/tex/latex/xfor/xfor.sty
Package: xfor 2009/02/05 v1.05 (NLCT)
)
(/usr/local/texlive/2015/texmf-dist/tex/latex/datatool/datatool-base.sty
Package: datatool-base 2014/06/10 v2.22 (NLCT)

(/usr/local/texlive/2015/texmf-dist/tex/latex/amsmath/amsmath.sty
Package: amsmath 2013/01/14 v2.14 AMS math features
\@mathmargin=\skip69

For additional information on amsmath, use the `?' option.
(/usr/local/texlive/2015/texmf-dist/tex/latex/amsmath/amstext.sty
Package: amstext 2000/06/29 v2.01

(/usr/local/texlive/2015/texmf-dist/tex/latex/amsmath/amsgen.sty
File: amsgen.sty 1999/11/30 v2.0
\@emptytoks=\toks27
\ex@=\dimen150
))
(/usr/local/texlive/2015/texmf-dist/tex/latex/amsmath/amsbsy.sty
Package: amsbsy 1999/11/29 v1.2d
\pmbraise@=\dimen151
)
(/usr/local/texlive/2015/texmf-dist/tex/latex/amsmath/amsopn.sty
Package: amsopn 1999/12/14 v2.01 operator names
)
\inf@bad=\count142
LaTeX Info: Redefining \frac on input line 210.
\uproot@=\count143
\leftroot@=\count144
LaTeX Info: Redefining \overline on input line 306.
\classnum@=\count145
\DOTSCASE@=\count146
LaTeX Info: Redefining \ldots on input line 378.
LaTeX Info: Redefining \dots on input line 381.
LaTeX Info: Redefining \cdots on input line 466.
\Mathstrutbox@=\box31
\strutbox@=\box32
\big@size=\dimen152
LaTeX Font Info:    Redeclaring font encoding OML on input line 566.
LaTeX Font Info:    Redeclaring font encoding OMS on input line 567.
\macc@depth=\count147
\c@MaxMatrixCols=\count148
\dotsspace@=\muskip11
\c@parentequation=\count149
\dspbrk@lvl=\count150
\tag@help=\toks28
\row@=\count151
\column@=\count152
\maxfields@=\count153
\andhelp@=\toks29
\eqnshift@=\dimen153
\alignsep@=\dimen154
\tagshift@=\dimen155
\tagwidth@=\dimen156
\totwidth@=\dimen157
\lineht@=\dimen158
\@envbody=\toks30
\multlinegap=\skip70
\multlinetaggap=\skip71
\mathdisplay@stack=\toks31
LaTeX Info: Redefining \[ on input line 2665.
LaTeX Info: Redefining \] on input line 2666.
)
(/usr/local/texlive/2015/texmf-dist/tex/latex/substr/substr.sty
Package: substr 2009/10/20 v1.2 Handle substrings
\c@su@anzahl=\count154
)
(/usr/local/texlive/2015/texmf-dist/tex/latex/datatool/datatool-fp.sty
Package: datatool-fp 2013/08/29 v2.17 (NLCT)

(/usr/local/texlive/2015/texmf-dist/tex/latex/fp/fp.sty
Package: fp 1995/04/02

`Fixed Point Package', Version 0.8, April 2, 1995 (C) Michael Mehlich
(/usr/local/texlive/2015/texmf-dist/tex/latex/fp/defpattern.sty
Package: defpattern 1994/10/12
\actioncount=\count155
)
(/usr/local/texlive/2015/texmf-dist/tex/latex/fp/fp-basic.sty
Package: fp-basic 1996/05/13
\FP@xs=\count156
\FP@xia=\count157
\FP@xib=\count158
\FP@xfa=\count159
\FP@xfb=\count160
\FP@rega=\count161
\FP@regb=\count162
\FP@regs=\count163
\FP@times=\count164
)
(/usr/local/texlive/2015/texmf-dist/tex/latex/fp/fp-addons.sty
Package: fp-addons 1995/03/15
)
(/usr/local/texlive/2015/texmf-dist/tex/latex/fp/fp-snap.sty
Package: fp-snap 1995/04/05
)
(/usr/local/texlive/2015/texmf-dist/tex/latex/fp/fp-exp.sty
Package: fp-exp 1995/04/03
)
(/usr/local/texlive/2015/texmf-dist/tex/latex/fp/fp-trigo.sty
Package: fp-trigo 1995/04/14
)
(/usr/local/texlive/2015/texmf-dist/tex/latex/fp/fp-pas.sty
Package: fp-pas 1994/08/29
)
(/usr/local/texlive/2015/texmf-dist/tex/latex/fp/fp-random.sty
Package: fp-random 1995/02/23
\FPseed=\count165
)
(/usr/local/texlive/2015/texmf-dist/tex/latex/fp/fp-eqn.sty
Package: fp-eqn 1995/04/03
)
(/usr/local/texlive/2015/texmf-dist/tex/latex/fp/fp-upn.sty
Package: fp-upn 1996/10/21
)
(/usr/local/texlive/2015/texmf-dist/tex/latex/fp/fp-eval.sty
Package: fp-eval 1995/04/03
)))
\@dtl@toks=\toks32
\@dtl@tmpcount=\count166
\dtl@tmplength=\skip72
\dtl@sortresult=\count167
\@dtl@numgrpsepcount=\count168
\@dtl@datatype=\count169
\dtl@codeA=\count170
\dtl@codeB=\count171
\@dtl@foreach@level=\count172
)
(/usr/local/texlive/2015/texmf-dist/tex/latex/glossaries/base/glossaries-compat
ible-307.sty
Package: glossaries-compatible-307 2013/11/14 v4.0 (NLCT)
)
(/usr/local/texlive/2015/texmf-dist/tex/latex/tracklang/tracklang.sty
Package: tracklang 2015/03/23 v1.2 (NLCT) Track Languages

(/usr/local/texlive/2015/texmf-dist/tex/generic/tracklang/tracklang.tex))
(/usr/local/texlive/2015/texmf-dist/tex/latex/beamer/translator/translator.sty
Package: translator 2010/06/12 ver 1.10

(/usr/local/texlive/2015/texmf-dist/tex/latex/beamer/translator/translator-lang
uage-mappings.tex))
(/usr/local/texlive/2015/texmf-dist/tex/latex/glossaries-english/glossaries-eng
lish.ldf
File: glossaries-english.ldf 2014/11/23 v1.0
)
(/usr/local/texlive/2015/texmf-dist/tex/latex/glossaries-italian/glossaries-ita
lian.ldf
File: glossaries-italian.ldf 2014/11/23 v1.0
)
\gls@level=\count173
\@gls@tmpb=\toks33
\gls@tmplen=\skip73
\glskeylisttok=\toks34
\glslabeltok=\toks35
\glsshorttok=\toks36
\glslongtok=\toks37

(/usr/local/texlive/2015/texmf-dist/tex/latex/glossaries/styles/glossary-hypern
av.sty
Package: glossary-hypernav 2013/11/14 v4.0 (NLCT)
)
(/usr/local/texlive/2015/texmf-dist/tex/latex/glossaries/styles/glossary-list.s
ty
Package: glossary-list 2015/02/03 v4.13 (NLCT)
\glslistdottedwidth=\skip74
)
(/usr/local/texlive/2015/texmf-dist/tex/latex/glossaries/styles/glossary-long.s
ty
Package: glossary-long 2013/11/14 v4.0 (NLCT)
\glsdescwidth=\skip75
\glspagelistwidth=\skip76
)
(/usr/local/texlive/2015/texmf-dist/tex/latex/glossaries/styles/glossary-super.
sty
Package: glossary-super 2013/11/14 v4.0 (NLCT)
 (/usr/local/texlive/2015/texmf-dist/tex/latex/supertabular/supertabular.sty
Package: supertabular 2004/02/20 v4.1e the supertabular environment
\c@tracingst=\count174
\ST@wd=\dimen159
\ST@rightskip=\skip77
\ST@leftskip=\skip78
\ST@parfillskip=\skip79
\ST@pageleft=\dimen160
\ST@headht=\dimen161
\ST@tailht=\dimen162
\ST@pagesofar=\dimen163
\ST@pboxht=\dimen164
\ST@lineht=\dimen165
\ST@stretchht=\dimen166
\ST@prevht=\dimen167
\ST@toadd=\dimen168
\ST@dimen=\dimen169
\ST@pbox=\box33
))
(/usr/local/texlive/2015/texmf-dist/tex/latex/glossaries/styles/glossary-tree.s
ty
Package: glossary-tree 2015/02/03 v4.13 (NLCT)
\glstreeindent=\skip80
)) (/usr/local/texlive/2015/texmf-dist/tex/latex/biblatex/biblatex.sty
Package: biblatex 2015/04/19 v3.0 programmable bibliographies (PK/JW/AB)

(/usr/local/texlive/2015/texmf-dist/tex/latex/biblatex/biblatex2.sty
Package: biblatex2 2015/04/19 v3.0 programmable bibliographies (biber) (PK/JW/A
B)

(/usr/local/texlive/2015/texmf-dist/tex/latex/logreq/logreq.sty
Package: logreq 2010/08/04 v1.0 xml request logger
\lrq@indent=\count175

(/usr/local/texlive/2015/texmf-dist/tex/latex/logreq/logreq.def
File: logreq.def 2010/08/04 v1.0 logreq spec v1.0
))
\c@tabx@nest=\count176
\c@listtotal=\count177
\c@listcount=\count178
\c@liststart=\count179
\c@liststop=\count180
\c@citecount=\count181
\c@citetotal=\count182
\c@multicitecount=\count183
\c@multicitetotal=\count184
\c@instcount=\count185
\c@maxnames=\count186
\c@minnames=\count187
\c@maxitems=\count188
\c@minitems=\count189
\c@citecounter=\count190
\c@savedcitecounter=\count191
\c@uniquelist=\count192
\c@uniquename=\count193
\c@refsection=\count194
\c@refsegment=\count195
\c@maxextratitle=\count196
\c@maxextratitleyear=\count197
\c@maxextrayear=\count198
\c@maxextraalpha=\count199
\c@abbrvpenalty=\count200
\c@highnamepenalty=\count201
\c@lownamepenalty=\count202
\c@maxparens=\count203
\c@parenlevel=\count204
\blx@tempcnta=\count205
\blx@tempcntb=\count206
\blx@tempcntc=\count207
\blx@maxsection=\count208
\blx@maxsegment@0=\count209
\blx@notetype=\count210
\blx@parenlevel@text=\count211
\blx@parenlevel@foot=\count212
\blx@sectionciteorder@0=\count213
\labelnumberwidth=\skip81
\labelalphawidth=\skip82
\biblabelsep=\skip83
\bibitemsep=\skip84
\bibnamesep=\skip85
\bibinitsep=\skip86
\bibparsep=\skip87
\bibhang=\skip88
\blx@bcfin=\read1
\blx@bcfout=\write3
\c@mincomprange=\count214
\c@maxcomprange=\count215
\c@mincompwidth=\count216
Package biblatex Info: Trying to load biblatex default data model...
Package biblatex Info: ... file 'blx-dm.def' found.

(/usr/local/texlive/2015/texmf-dist/tex/latex/biblatex/blx-dm.def)
Package biblatex Info: Trying to load biblatex style data model...
Package biblatex Info: ... file 'verbose-ibid.dbx' not found.
Package biblatex Info: Trying to load biblatex custom data model...
Package biblatex Info: ... file 'biblatex-dm.cfg' not found.
\c@afterword=\count217
\c@savedafterword=\count218
\c@annotator=\count219
\c@savedannotator=\count220
\c@author=\count221
\c@savedauthor=\count222
\c@bookauthor=\count223
\c@savedbookauthor=\count224
\c@commentator=\count225
\c@savedcommentator=\count226
\c@editor=\count227
\c@savededitor=\count228
\c@editora=\count229
\c@savededitora=\count230
\c@editorb=\count231
\c@savededitorb=\count232
\c@editorc=\count233
\c@savededitorc=\count266
\c@foreword=\count267
\c@savedforeword=\count268
\c@holder=\count269
\c@savedholder=\count270
\c@introduction=\count271
\c@savedintroduction=\count272
\c@namea=\count273
\c@savednamea=\count274
\c@nameb=\count275
\c@savednameb=\count276
\c@namec=\count277
\c@savednamec=\count278
\c@translator=\count279
\c@savedtranslator=\count280
\c@shortauthor=\count281
\c@savedshortauthor=\count282
\c@shorteditor=\count283
\c@savedshorteditor=\count284
\c@labelname=\count285
\c@savedlabelname=\count286
\c@institution=\count287
\c@savedinstitution=\count288
\c@lista=\count289
\c@savedlista=\count290
\c@listb=\count291
\c@savedlistb=\count292
\c@listc=\count293
\c@savedlistc=\count294
\c@listd=\count295
\c@savedlistd=\count296
\c@liste=\count297
\c@savedliste=\count298
\c@listf=\count299
\c@savedlistf=\count300
\c@location=\count301
\c@savedlocation=\count302
\c@organization=\count303
\c@savedorganization=\count304
\c@origlocation=\count305
\c@savedoriglocation=\count306
\c@origpublisher=\count307
\c@savedorigpublisher=\count308
\c@publisher=\count309
\c@savedpublisher=\count310
\c@language=\count311
\c@savedlanguage=\count312
\c@pageref=\count313
\c@savedpageref=\count314
\shorthandwidth=\skip89
\shortjournalwidth=\skip90
\shortserieswidth=\skip91
\shorttitlewidth=\skip92
\shortauthorwidth=\skip93
\shorteditorwidth=\skip94
Package biblatex Info: Trying to load compatibility code...
Package biblatex Info: ... file 'blx-compat.def' found.

(/usr/local/texlive/2015/texmf-dist/tex/latex/biblatex/blx-compat.def
File: blx-compat.def 2015/04/19 v3.0 biblatex compatibility (PK/JW/AB)
)
Package biblatex Info: Trying to load generic definitions...
Package biblatex Info: ... file 'biblatex.def' found.

(/usr/local/texlive/2015/texmf-dist/tex/latex/biblatex/biblatex.def
File: biblatex.def 
\c@textcitecount=\count315
\c@textcitetotal=\count316
\c@textcitemaxnames=\count317
\c@biburlnumpenalty=\count318
\c@biburlucpenalty=\count319
\c@biburllcpenalty=\count320
\c@smartand=\count321
)
Package biblatex Info: Trying to load bibliography style 'verbose-ibid'...
Package biblatex Info: ... file 'verbose-ibid.bbx' found.

(/usr/local/texlive/2015/texmf-dist/tex/latex/biblatex/bbx/verbose-ibid.bbx
File: verbose-ibid.bbx 2015/04/19 v3.0 biblatex bibliography style (PK/JW/AB)
Package biblatex Info: Trying to load bibliography style 'authortitle'...
Package biblatex Info: ... file 'authortitle.bbx' found.

(/usr/local/texlive/2015/texmf-dist/tex/latex/biblatex/bbx/authortitle.bbx
File: authortitle.bbx 2015/04/19 v3.0 biblatex bibliography style (PK/JW/AB)
Package biblatex Info: Trying to load bibliography style 'standard'...
Package biblatex Info: ... file 'standard.bbx' found.

(/usr/local/texlive/2015/texmf-dist/tex/latex/biblatex/bbx/standard.bbx
File: standard.bbx 2015/04/19 v3.0 biblatex bibliography style (PK/JW/AB)
\c@bbx:relatedcount=\count322
\c@bbx:relatedtotal=\count323
)))
Package biblatex Info: Trying to load citation style 'verbose-ibid'...
Package biblatex Info: ... file 'verbose-ibid.cbx' found.

(/usr/local/texlive/2015/texmf-dist/tex/latex/biblatex/cbx/verbose-ibid.cbx
File: verbose-ibid.cbx 2015/04/19 v3.0 biblatex citation style (PK/JW/AB)
Package biblatex Info: Redefining '\cite'.
Package biblatex Info: Redefining '\parencite'.
Package biblatex Info: Redefining '\footcite'.
Package biblatex Info: Redefining '\footcitetext'.
Package biblatex Info: Redefining '\smartcite'.
Package biblatex Info: Redefining '\textcite'.
Package biblatex Info: Redefining '\textcites'.
)
Package biblatex Info: Trying to load configuration file...
Package biblatex Info: ... file 'biblatex.cfg' found.

(/usr/local/texlive/2015/texmf-dist/tex/latex/biblatex/biblatex.cfg
File: biblatex.cfg 
)))
(/usr/local/texlive/2015/texmf-dist/tex/latex/tools/xspace.sty
Package: xspace 2014/10/28 v1.13 Space after command names (DPC,MH)
)
(/usr/local/texlive/2015/texmf-dist/tex/latex/placeins/placeins.sty
Package: placeins 2005/04/18  v 2.2
)
(/usr/local/texlive/2015/texmf-dist/tex/latex/sourcecodepro/sourcecodepro.sty
Package: sourcecodepro 2015/01/11 v2.4 Adobe's Source Code Pro typeface

(/usr/local/texlive/2015/texmf-dist/tex/latex/base/fontenc.sty
Package: fontenc 2005/09/27 v1.99g Standard LaTeX package

(/usr/local/texlive/2015/texmf-dist/tex/latex/base/ot1enc.def
File: ot1enc.def 2005/09/27 v1.99g Standard LaTeX file
LaTeX Font Info:    Redeclaring font encoding OT1 on input line 48.
)
(/usr/local/texlive/2015/texmf-dist/tex/latex/ly1/ly1enc.def
File: ly1enc.def 2009/07/22 v0.7 TeX 'n ANSI encoding (DPC/KB)
Now handling font encoding LY1 ...
... processing UTF-8 mapping file for font encoding LY1

(/usr/local/texlive/2015/texmf-dist/tex/latex/base/ly1enc.dfu
File: ly1enc.dfu 2014/09/29 v1.1m UTF-8 support for inputenc
   defining Unicode char U+00A1 (decimal 161)
   defining Unicode char U+00A2 (decimal 162)
   defining Unicode char U+00A3 (decimal 163)
   defining Unicode char U+00A4 (decimal 164)
   defining Unicode char U+00A5 (decimal 165)
   defining Unicode char U+00A6 (decimal 166)
   defining Unicode char U+00A7 (decimal 167)
   defining Unicode char U+00AA (decimal 170)
   defining Unicode char U+00AB (decimal 171)
   defining Unicode char U+00AE (decimal 174)
   defining Unicode char U+00B0 (decimal 176)
   defining Unicode char U+00B5 (decimal 181)
   defining Unicode char U+00B6 (decimal 182)
   defining Unicode char U+00B7 (decimal 183)
   defining Unicode char U+00BA (decimal 186)
   defining Unicode char U+00BB (decimal 187)
   defining Unicode char U+00BC (decimal 188)
   defining Unicode char U+00BD (decimal 189)
   defining Unicode char U+00BE (decimal 190)
   defining Unicode char U+00BF (decimal 191)
   defining Unicode char U+00C0 (decimal 192)
   defining Unicode char U+00C1 (decimal 193)
   defining Unicode char U+00C2 (decimal 194)
   defining Unicode char U+00C3 (decimal 195)
   defining Unicode char U+00C4 (decimal 196)
   defining Unicode char U+00C5 (decimal 197)
   defining Unicode char U+00C6 (decimal 198)
   defining Unicode char U+00C7 (decimal 199)
   defining Unicode char U+00C8 (decimal 200)
   defining Unicode char U+00C9 (decimal 201)
   defining Unicode char U+00CA (decimal 202)
   defining Unicode char U+00CB (decimal 203)
   defining Unicode char U+00CC (decimal 204)
   defining Unicode char U+00CD (decimal 205)
   defining Unicode char U+00CE (decimal 206)
   defining Unicode char U+00CF (decimal 207)
   defining Unicode char U+00D0 (decimal 208)
   defining Unicode char U+00D1 (decimal 209)
   defining Unicode char U+00D2 (decimal 210)
   defining Unicode char U+00D3 (decimal 211)
   defining Unicode char U+00D4 (decimal 212)
   defining Unicode char U+00D5 (decimal 213)
   defining Unicode char U+00D6 (decimal 214)
   defining Unicode char U+00D8 (decimal 216)
   defining Unicode char U+00D9 (decimal 217)
   defining Unicode char U+00DA (decimal 218)
   defining Unicode char U+00DB (decimal 219)
   defining Unicode char U+00DC (decimal 220)
   defining Unicode char U+00DD (decimal 221)
   defining Unicode char U+00DE (decimal 222)
   defining Unicode char U+00DF (decimal 223)
   defining Unicode char U+00E0 (decimal 224)
   defining Unicode char U+00E1 (decimal 225)
   defining Unicode char U+00E2 (decimal 226)
   defining Unicode char U+00E3 (decimal 227)
   defining Unicode char U+00E4 (decimal 228)
   defining Unicode char U+00E5 (decimal 229)
   defining Unicode char U+00E6 (decimal 230)
   defining Unicode char U+00E7 (decimal 231)
   defining Unicode char U+00E8 (decimal 232)
   defining Unicode char U+00E9 (decimal 233)
   defining Unicode char U+00EA (decimal 234)
   defining Unicode char U+00EB (decimal 235)
   defining Unicode char U+00EC (decimal 236)
   defining Unicode char U+00ED (decimal 237)
   defining Unicode char U+00EE (decimal 238)
   defining Unicode char U+00EF (decimal 239)
   defining Unicode char U+00F0 (decimal 240)
   defining Unicode char U+00F1 (decimal 241)
   defining Unicode char U+00F2 (decimal 242)
   defining Unicode char U+00F3 (decimal 243)
   defining Unicode char U+00F4 (decimal 244)
   defining Unicode char U+00F5 (decimal 245)
   defining Unicode char U+00F6 (decimal 246)
   defining Unicode char U+00F8 (decimal 248)
   defining Unicode char U+00F9 (decimal 249)
   defining Unicode char U+00FA (decimal 250)
   defining Unicode char U+00FB (decimal 251)
   defining Unicode char U+00FC (decimal 252)
   defining Unicode char U+00FD (decimal 253)
   defining Unicode char U+00FE (decimal 254)
   defining Unicode char U+00FF (decimal 255)
   defining Unicode char U+0131 (decimal 305)
   defining Unicode char U+0141 (decimal 321)
   defining Unicode char U+0142 (decimal 322)
   defining Unicode char U+0152 (decimal 338)
   defining Unicode char U+0153 (decimal 339)
   defining Unicode char U+0160 (decimal 352)
   defining Unicode char U+0161 (decimal 353)
   defining Unicode char U+0178 (decimal 376)
   defining Unicode char U+017D (decimal 381)
   defining Unicode char U+017E (decimal 382)
   defining Unicode char U+0192 (decimal 402)
   defining Unicode char U+02C6 (decimal 710)
   defining Unicode char U+02DC (decimal 732)
   defining Unicode char U+2013 (decimal 8211)
   defining Unicode char U+2014 (decimal 8212)
   defining Unicode char U+201C (decimal 8220)
   defining Unicode char U+201D (decimal 8221)
   defining Unicode char U+2020 (decimal 8224)
   defining Unicode char U+2021 (decimal 8225)
   defining Unicode char U+2022 (decimal 8226)
   defining Unicode char U+2026 (decimal 8230)
   defining Unicode char U+2030 (decimal 8240)
   defining Unicode char U+2039 (decimal 8249)
   defining Unicode char U+203A (decimal 8250)
   defining Unicode char U+2122 (decimal 8482)
))
(/usr/local/texlive/2015/texmf-dist/tex/latex/base/t1enc.def
File: t1enc.def 2005/09/27 v1.99g Standard LaTeX file
LaTeX Font Info:    Redeclaring font encoding T1 on input line 48.
)
LaTeX Font Info:    Try loading font information for T1+ptm on input line 105.

(/usr/local/texlive/2015/texmf-dist/tex/latex/psnfss/t1ptm.fd
File: t1ptm.fd 2001/06/04 font definitions for T1/ptm.
))
(/usr/local/texlive/2015/texmf-dist/tex/latex/mweights/mweights.sty
Package: mweights 2013/07/21 (Bob Tennent) Support package for multiple-weight 
font packages. 
LaTeX Info: Redefining \bfseries on input line 22.
LaTeX Info: Redefining \mdseries on input line 29.
LaTeX Info: Redefining \rmfamily on input line 36.
LaTeX Info: Redefining \sffamily on input line 53.
LaTeX Info: Redefining \ttfamily on input line 70.
))
(/usr/local/texlive/2015/texmf-dist/tex/latex/listings/listings.sty
\lst@mode=\count324
\lst@gtempboxa=\box34
\lst@token=\toks38
\lst@length=\count325
\lst@currlwidth=\dimen170
\lst@column=\count326
\lst@pos=\count327
\lst@lostspace=\dimen171
\lst@width=\dimen172
\lst@newlines=\count328
\lst@lineno=\count329
\lst@maxwidth=\dimen173

(/usr/local/texlive/2015/texmf-dist/tex/latex/listings/lstmisc.sty
File: lstmisc.sty 2014/09/06 1.5e (Carsten Heinz)
\c@lstnumber=\count330
\lst@skipnumbers=\count331
\lst@framebox=\box35
)
(/usr/local/texlive/2015/texmf-dist/tex/latex/listings/listings.cfg
File: listings.cfg 2014/09/06 1.5e listings configuration
))
Package: listings 2014/09/06 1.5e (Carsten Heinz)

(/usr/local/texlive/2015/texmf-dist/tex/latex/xargs/xargs.sty
Package: xargs 2008/03/22 v1.1  extended macro definitions  (mpg)
\xargs@max=\count332
\xargs@toksa=\toks39
\xargs@toksb=\toks40
)
(/usr/local/texlive/2015/texmf-dist/tex/latex/todonotes/todonotes.sty
Package: todonotes 2012/07/25 .dtx Todonotes source and documentation.
Package: todonotes 2012/07/25

(/usr/local/texlive/2015/texmf-dist/tex/latex/pgf/frontendlayer/tikz.sty
(/usr/local/texlive/2015/texmf-dist/tex/latex/pgf/basiclayer/pgf.sty
(/usr/local/texlive/2015/texmf-dist/tex/latex/pgf/utilities/pgfrcs.sty
(/usr/local/texlive/2015/texmf-dist/tex/generic/pgf/utilities/pgfutil-common.te
x
\pgfutil@everybye=\toks41
\pgfutil@tempdima=\dimen174
\pgfutil@tempdimb=\dimen175

(/usr/local/texlive/2015/texmf-dist/tex/generic/pgf/utilities/pgfutil-common-li
sts.tex))
(/usr/local/texlive/2015/texmf-dist/tex/generic/pgf/utilities/pgfutil-latex.def
\pgfutil@abb=\box36
(/usr/local/texlive/2015/texmf-dist/tex/latex/ms/everyshi.sty
Package: everyshi 2001/05/15 v3.00 EveryShipout Package (MS)
))
(/usr/local/texlive/2015/texmf-dist/tex/generic/pgf/utilities/pgfrcs.code.tex
Package: pgfrcs 2013/12/20 v3.0.0 (rcs-revision 1.28)
))
Package: pgf 2013/12/18 v3.0.0 (rcs-revision 1.14)
(/usr/local/texlive/2015/texmf-dist/tex/latex/pgf/basiclayer/pgfcore.sty
(/usr/local/texlive/2015/texmf-dist/tex/latex/pgf/systemlayer/pgfsys.sty
(/usr/local/texlive/2015/texmf-dist/tex/generic/pgf/systemlayer/pgfsys.code.tex
Package: pgfsys 2013/11/30 v3.0.0 (rcs-revision 1.47)
(/usr/local/texlive/2015/texmf-dist/tex/generic/pgf/utilities/pgfkeys.code.tex
\pgfkeys@pathtoks=\toks42
\pgfkeys@temptoks=\toks43

(/usr/local/texlive/2015/texmf-dist/tex/generic/pgf/utilities/pgfkeysfiltered.c
ode.tex
\pgfkeys@tmptoks=\toks44
))
\pgf@x=\dimen176
\pgf@y=\dimen177
\pgf@xa=\dimen178
\pgf@ya=\dimen179
\pgf@xb=\dimen180
\pgf@yb=\dimen181
\pgf@xc=\dimen182
\pgf@yc=\dimen183
\w@pgf@writea=\write4
\r@pgf@reada=\read2
\c@pgf@counta=\count333
\c@pgf@countb=\count334
\c@pgf@countc=\count335
\c@pgf@countd=\count336
\t@pgf@toka=\toks45
\t@pgf@tokb=\toks46
\t@pgf@tokc=\toks47

(/usr/local/texlive/2015/texmf-dist/tex/generic/pgf/systemlayer/pgf.cfg
File: pgf.cfg 2008/05/14  (rcs-revision 1.7)
)
Driver file for pgf: pgfsys-pdftex.def

(/usr/local/texlive/2015/texmf-dist/tex/generic/pgf/systemlayer/pgfsys-pdftex.d
ef
File: pgfsys-pdftex.def 2013/07/18  (rcs-revision 1.33)

(/usr/local/texlive/2015/texmf-dist/tex/generic/pgf/systemlayer/pgfsys-common-p
df.def
File: pgfsys-common-pdf.def 2013/10/10  (rcs-revision 1.13)
)))
(/usr/local/texlive/2015/texmf-dist/tex/generic/pgf/systemlayer/pgfsyssoftpath.
code.tex
File: pgfsyssoftpath.code.tex 2013/09/09  (rcs-revision 1.9)
\pgfsyssoftpath@smallbuffer@items=\count337
\pgfsyssoftpath@bigbuffer@items=\count338
)
(/usr/local/texlive/2015/texmf-dist/tex/generic/pgf/systemlayer/pgfsysprotocol.
code.tex
File: pgfsysprotocol.code.tex 2006/10/16  (rcs-revision 1.4)
))
(/usr/local/texlive/2015/texmf-dist/tex/generic/pgf/basiclayer/pgfcore.code.tex
Package: pgfcore 2010/04/11 v3.0.0 (rcs-revision 1.7)
(/usr/local/texlive/2015/texmf-dist/tex/generic/pgf/math/pgfmath.code.tex
(/usr/local/texlive/2015/texmf-dist/tex/generic/pgf/math/pgfmathcalc.code.tex
(/usr/local/texlive/2015/texmf-dist/tex/generic/pgf/math/pgfmathutil.code.tex)
(/usr/local/texlive/2015/texmf-dist/tex/generic/pgf/math/pgfmathparser.code.tex
\pgfmath@dimen=\dimen184
\pgfmath@count=\count339
\pgfmath@box=\box37
\pgfmath@toks=\toks48
\pgfmath@stack@operand=\toks49
\pgfmath@stack@operation=\toks50
)
(/usr/local/texlive/2015/texmf-dist/tex/generic/pgf/math/pgfmathfunctions.code.
tex
(/usr/local/texlive/2015/texmf-dist/tex/generic/pgf/math/pgfmathfunctions.basic
.code.tex)
(/usr/local/texlive/2015/texmf-dist/tex/generic/pgf/math/pgfmathfunctions.trigo
nometric.code.tex)
(/usr/local/texlive/2015/texmf-dist/tex/generic/pgf/math/pgfmathfunctions.rando
m.code.tex)
(/usr/local/texlive/2015/texmf-dist/tex/generic/pgf/math/pgfmathfunctions.compa
rison.code.tex)
(/usr/local/texlive/2015/texmf-dist/tex/generic/pgf/math/pgfmathfunctions.base.
code.tex)
(/usr/local/texlive/2015/texmf-dist/tex/generic/pgf/math/pgfmathfunctions.round
.code.tex)
(/usr/local/texlive/2015/texmf-dist/tex/generic/pgf/math/pgfmathfunctions.misc.
code.tex)
(/usr/local/texlive/2015/texmf-dist/tex/generic/pgf/math/pgfmathfunctions.integ
erarithmetics.code.tex)))
(/usr/local/texlive/2015/texmf-dist/tex/generic/pgf/math/pgfmathfloat.code.tex
\c@pgfmathroundto@lastzeros=\count340
))
(/usr/local/texlive/2015/texmf-dist/tex/generic/pgf/basiclayer/pgfcorepoints.co
de.tex
File: pgfcorepoints.code.tex 2013/10/07  (rcs-revision 1.27)
\pgf@picminx=\dimen185
\pgf@picmaxx=\dimen186
\pgf@picminy=\dimen187
\pgf@picmaxy=\dimen188
\pgf@pathminx=\dimen189
\pgf@pathmaxx=\dimen190
\pgf@pathminy=\dimen191
\pgf@pathmaxy=\dimen192
\pgf@xx=\dimen193
\pgf@xy=\dimen194
\pgf@yx=\dimen195
\pgf@yy=\dimen196
\pgf@zx=\dimen197
\pgf@zy=\dimen198
)
(/usr/local/texlive/2015/texmf-dist/tex/generic/pgf/basiclayer/pgfcorepathconst
ruct.code.tex
File: pgfcorepathconstruct.code.tex 2013/10/07  (rcs-revision 1.29)
\pgf@path@lastx=\dimen199
\pgf@path@lasty=\dimen200
)
(/usr/local/texlive/2015/texmf-dist/tex/generic/pgf/basiclayer/pgfcorepathusage
.code.tex
File: pgfcorepathusage.code.tex 2013/12/13  (rcs-revision 1.23)
\pgf@shorten@end@additional=\dimen201
\pgf@shorten@start@additional=\dimen202
)
(/usr/local/texlive/2015/texmf-dist/tex/generic/pgf/basiclayer/pgfcorescopes.co
de.tex
File: pgfcorescopes.code.tex 2013/10/09  (rcs-revision 1.44)
\pgfpic=\box38
\pgf@hbox=\box39
\pgf@layerbox@main=\box40
\pgf@picture@serial@count=\count341
)
(/usr/local/texlive/2015/texmf-dist/tex/generic/pgf/basiclayer/pgfcoregraphicst
ate.code.tex
File: pgfcoregraphicstate.code.tex 2013/09/19  (rcs-revision 1.11)
\pgflinewidth=\dimen203
)
(/usr/local/texlive/2015/texmf-dist/tex/generic/pgf/basiclayer/pgfcoretransform
ations.code.tex
File: pgfcoretransformations.code.tex 2013/10/10  (rcs-revision 1.17)
\pgf@pt@x=\dimen204
\pgf@pt@y=\dimen205
\pgf@pt@temp=\dimen206
)
(/usr/local/texlive/2015/texmf-dist/tex/generic/pgf/basiclayer/pgfcorequick.cod
e.tex
File: pgfcorequick.code.tex 2008/10/09  (rcs-revision 1.3)
)
(/usr/local/texlive/2015/texmf-dist/tex/generic/pgf/basiclayer/pgfcoreobjects.c
ode.tex
File: pgfcoreobjects.code.tex 2006/10/11  (rcs-revision 1.2)
)
(/usr/local/texlive/2015/texmf-dist/tex/generic/pgf/basiclayer/pgfcorepathproce
ssing.code.tex
File: pgfcorepathprocessing.code.tex 2013/09/09  (rcs-revision 1.9)
)
(/usr/local/texlive/2015/texmf-dist/tex/generic/pgf/basiclayer/pgfcorearrows.co
de.tex
File: pgfcorearrows.code.tex 2013/11/07  (rcs-revision 1.40)
\pgfarrowsep=\dimen207
)
(/usr/local/texlive/2015/texmf-dist/tex/generic/pgf/basiclayer/pgfcoreshade.cod
e.tex
File: pgfcoreshade.code.tex 2013/07/15  (rcs-revision 1.15)
\pgf@max=\dimen208
\pgf@sys@shading@range@num=\count342
)
(/usr/local/texlive/2015/texmf-dist/tex/generic/pgf/basiclayer/pgfcoreimage.cod
e.tex
File: pgfcoreimage.code.tex 2013/07/15  (rcs-revision 1.18)

(/usr/local/texlive/2015/texmf-dist/tex/generic/pgf/basiclayer/pgfcoreexternal.
code.tex
File: pgfcoreexternal.code.tex 2013/07/15  (rcs-revision 1.20)
\pgfexternal@startupbox=\box41
))
(/usr/local/texlive/2015/texmf-dist/tex/generic/pgf/basiclayer/pgfcorelayers.co
de.tex
File: pgfcorelayers.code.tex 2013/07/18  (rcs-revision 1.7)
)
(/usr/local/texlive/2015/texmf-dist/tex/generic/pgf/basiclayer/pgfcoretranspare
ncy.code.tex
File: pgfcoretransparency.code.tex 2013/09/30  (rcs-revision 1.5)
)
(/usr/local/texlive/2015/texmf-dist/tex/generic/pgf/basiclayer/pgfcorepatterns.
code.tex
File: pgfcorepatterns.code.tex 2013/11/07  (rcs-revision 1.5)
)))
(/usr/local/texlive/2015/texmf-dist/tex/generic/pgf/modules/pgfmoduleshapes.cod
e.tex
File: pgfmoduleshapes.code.tex 2013/10/31  (rcs-revision 1.34)
\pgfnodeparttextbox=\box42
)
(/usr/local/texlive/2015/texmf-dist/tex/generic/pgf/modules/pgfmoduleplot.code.
tex
File: pgfmoduleplot.code.tex 2013/07/31  (rcs-revision 1.12)
)
(/usr/local/texlive/2015/texmf-dist/tex/latex/pgf/compatibility/pgfcomp-version
-0-65.sty
Package: pgfcomp-version-0-65 2007/07/03 v3.0.0 (rcs-revision 1.7)
\pgf@nodesepstart=\dimen209
\pgf@nodesepend=\dimen210
)
(/usr/local/texlive/2015/texmf-dist/tex/latex/pgf/compatibility/pgfcomp-version
-1-18.sty
Package: pgfcomp-version-1-18 2007/07/23 v3.0.0 (rcs-revision 1.1)
))
(/usr/local/texlive/2015/texmf-dist/tex/latex/pgf/utilities/pgffor.sty
(/usr/local/texlive/2015/texmf-dist/tex/latex/pgf/utilities/pgfkeys.sty
(/usr/local/texlive/2015/texmf-dist/tex/generic/pgf/utilities/pgfkeys.code.tex)
) (/usr/local/texlive/2015/texmf-dist/tex/latex/pgf/math/pgfmath.sty
(/usr/local/texlive/2015/texmf-dist/tex/generic/pgf/math/pgfmath.code.tex))
(/usr/local/texlive/2015/texmf-dist/tex/generic/pgf/utilities/pgffor.code.tex
Package: pgffor 2013/12/13 v3.0.0 (rcs-revision 1.25)

(/usr/local/texlive/2015/texmf-dist/tex/generic/pgf/math/pgfmath.code.tex)
\pgffor@iter=\dimen211
\pgffor@skip=\dimen212
\pgffor@stack=\toks51
\pgffor@toks=\toks52
))
(/usr/local/texlive/2015/texmf-dist/tex/generic/pgf/frontendlayer/tikz/tikz.cod
e.tex
Package: tikz 2013/12/13 v3.0.0 (rcs-revision 1.142)

(/usr/local/texlive/2015/texmf-dist/tex/generic/pgf/libraries/pgflibraryplothan
dlers.code.tex
File: pgflibraryplothandlers.code.tex 2013/08/31 v3.0.0 (rcs-revision 1.20)
\pgf@plot@mark@count=\count343
\pgfplotmarksize=\dimen213
)
\tikz@lastx=\dimen214
\tikz@lasty=\dimen215
\tikz@lastxsaved=\dimen216
\tikz@lastysaved=\dimen217
\tikzleveldistance=\dimen218
\tikzsiblingdistance=\dimen219
\tikz@figbox=\box43
\tikz@figbox@bg=\box44
\tikz@tempbox=\box45
\tikz@tempbox@bg=\box46
\tikztreelevel=\count344
\tikznumberofchildren=\count345
\tikznumberofcurrentchild=\count346
\tikz@fig@count=\count347

(/usr/local/texlive/2015/texmf-dist/tex/generic/pgf/modules/pgfmodulematrix.cod
e.tex
File: pgfmodulematrix.code.tex 2013/09/17  (rcs-revision 1.8)
\pgfmatrixcurrentrow=\count348
\pgfmatrixcurrentcolumn=\count349
\pgf@matrix@numberofcolumns=\count350
)
\tikz@expandcount=\count351

(/usr/local/texlive/2015/texmf-dist/tex/generic/pgf/frontendlayer/tikz/librarie
s/tikzlibrarytopaths.code.tex
File: tikzlibrarytopaths.code.tex 2008/06/17 v3.0.0 (rcs-revision 1.2)
)))
(/usr/local/texlive/2015/texmf-dist/tex/generic/pgf/frontendlayer/tikz/librarie
s/tikzlibrarypositioning.code.tex
File: tikzlibrarypositioning.code.tex 2008/10/06 v3.0.0 (rcs-revision 1.7)
)
\c@@todonotes@numberoftodonotes=\count352
) (./tesi-config.tex (./glossario.tex)
\glswrite=\write5
\glo@main@file=\write6
\openout6 = `tesi.glo'.

Package glossaries Info: Writing glossary file tesi.glo on input line 72.
\glo@acronym@file=\write7
\openout7 = `tesi.acn'.

Package glossaries Info: Writing glossary file tesi.acn on input line 72.
Package hyperref Info: Option `colorlinks' set `true' on input line 117.
Package hyperref Info: Option `linktocpage' set `true' on input line 117.
Package hyperref Info: Option `breaklinks' set `true' on input line 117.
Package hyperref Info: Option `pageanchor' set `true' on input line 117.
Package hyperref Info: Option `plainpages' set `false' on input line 117.
Package hyperref Info: Option `bookmarksnumbered' set `true' on input line 117.

Package hyperref Info: Option `bookmarksopen' set `true' on input line 117.
Package hyperref Info: Option `hypertexnames' set `true' on input line 117.

(./javascript-listings.tex))
Package csquotes Info: Checking for multilingual support...
Package csquotes Info: ... found 'babel' package.
Package csquotes Info: Adjusting default style.
Package csquotes Info: Redefining alias 'default' -> 'italian'.
Package biblatex Info: Trying to load language 'italian'...
Package biblatex Info: ... file 'italian.lbx' found.

(/usr/local/texlive/2015/texmf-dist/tex/latex/biblatex/lbx/italian.lbx
File: italian.lbx 2015/04/19 v3.0 biblatex localization (PK/JW/AB)
)
(./tesi.aux)
\openout1 = `tesi.aux'.

LaTeX Font Info:    Checking defaults for OML/cmm/m/it on input line 113.
LaTeX Font Info:    ... okay on input line 113.
LaTeX Font Info:    Checking defaults for T1/cmr/m/n on input line 113.
LaTeX Font Info:    ... okay on input line 113.
LaTeX Font Info:    Checking defaults for OT1/cmr/m/n on input line 113.
LaTeX Font Info:    ... okay on input line 113.
LaTeX Font Info:    Checking defaults for OMS/cmsy/m/n on input line 113.
LaTeX Font Info:    ... okay on input line 113.
LaTeX Font Info:    Checking defaults for OMX/cmex/m/n on input line 113.
LaTeX Font Info:    ... okay on input line 113.
LaTeX Font Info:    Checking defaults for U/cmr/m/n on input line 113.
LaTeX Font Info:    ... okay on input line 113.
LaTeX Font Info:    Checking defaults for PD1/pdf/m/n on input line 113.
LaTeX Font Info:    ... okay on input line 113.
LaTeX Font Info:    Checking defaults for LY1/ptm/m/n on input line 113.
LaTeX Font Info:    Try loading font information for LY1+ptm on input line 113.

 (/usr/local/texlive/2015/texmf-dist/tex/latex/ly1/ly1ptm.fd
File: ly1ptm.fd 2001/02/01 font definitions for LY1/ptm using Berry names.
)
LaTeX Font Info:    ... okay on input line 113.
LaTeX Info: Redefining \it@ocap on input line 113.
LaTeX Info: Redefining \it@ccap on input line 113.
\AtBeginShipoutBox=\box47
Package hyperref Info: Link coloring ON on input line 113.
LaTeX Info: Redefining \ref on input line 113.
LaTeX Info: Redefining \pageref on input line 113.
LaTeX Info: Redefining \nameref on input line 113.
LaTeX Info: Redefining \Ref on input line 113.
Package caption Info: Begin \AtBeginDocument code.
Package caption Info: subfig package v1.3 is loaded.
Package caption Info: listings package is loaded.
Package caption Info: longtable package is loaded.

(/usr/local/texlive/2015/texmf-dist/tex/latex/caption/ltcaption.sty
Package: ltcaption 2013/02/03 v1.3-62 longtable captions (AR)
)
Package caption Info: supertabular package is loaded.
Package caption Info: End \AtBeginDocument code.

(/usr/local/texlive/2015/texmf-dist/tex/context/base/supp-pdf.mkii
[Loading MPS to PDF converter (version 2006.09.02).]
\scratchcounter=\count353
\scratchdimen=\dimen220
\scratchbox=\box48
\nofMPsegments=\count354
\nofMParguments=\count355
\everyMPshowfont=\toks53
\MPscratchCnt=\count356
\MPscratchDim=\dimen221
\MPnumerator=\count357
\makeMPintoPDFobject=\count358
\everyMPtoPDFconversion=\toks54
) (/usr/local/texlive/2015/texmf-dist/tex/latex/oberdiek/epstopdf-base.sty
Package: epstopdf-base 2010/02/09 v2.5 Base part for package epstopdf

(/usr/local/texlive/2015/texmf-dist/tex/latex/oberdiek/grfext.sty
Package: grfext 2010/08/19 v1.1 Manage graphics extensions (HO)
)
Package grfext Info: Graphics extension search list:
(grfext)             [.png,.pdf,.jpg,.mps,.jpeg,.jbig2,.jb2,.PNG,.PDF,.JPG,.JPE
G,.JBIG2,.JB2,.eps]
(grfext)             \AppendGraphicsExtensions on input line 452.

(/usr/local/texlive/2015/texmf-dist/tex/latex/latexconfig/epstopdf-sys.cfg
File: epstopdf-sys.cfg 2010/07/13 v1.3 Configuration of (r)epstopdf for TeX Liv
e
))
*geometry* driver: auto-detecting
*geometry* detected driver: pdftex
*geometry* verbose mode - [ preamble ] result:
* driver: pdftex
* paper: a4paper
* layout: <same size as paper>
* layoutoffset:(h,v)=(0.0pt,0.0pt)
* bindingoffset: 14.22636pt
* modes: twoside 
* h-part:(L,W,R)=(86.13797pt, 372.0pt, 125.14354pt)
* v-part:(T,H,B)=(100.71263pt, 601.90594pt, 142.42827pt)
* \paperwidth=597.50787pt
* \paperheight=845.04684pt
* \textwidth=372.0pt
* \textheight=601.90594pt
* \oddsidemargin=28.09435pt
* \evensidemargin=52.87355pt
* \topmargin=-1.62485pt
* \headheight=12.0pt
* \headsep=18.06749pt
* \topskip=10.0pt
* \footskip=25.29494pt
* \marginparwidth=115.0pt
* \marginparsep=7.0pt
* \columnsep=10.0pt
* \skip\footins=9.0pt plus 4.0pt minus 2.0pt
* \hoffset=0.0pt
* \voffset=0.0pt
* \mag=1000
* \@twocolumnfalse
* \@twosidetrue
* \@mparswitchtrue
* \@reversemarginfalse
* (1in=72.27pt=25.4mm, 1cm=28.453pt)

LaTeX Info: Redefining \microtypecontext on input line 113.
Package microtype Info: Generating PDF output.
Package microtype Info: Character protrusion enabled (level 2).
Package microtype Info: Using default protrusion set `alltext'.
Package microtype Info: Automatic font expansion enabled (level 2),
(microtype)             stretch: 20, shrink: 20, step: 1, non-selected.
Package microtype Info: Using default expansion set `basictext'.
Package microtype Info: No adjustment of tracking.
Package microtype Info: No adjustment of interword spacing.
Package microtype Info: No adjustment of character kerning.
(/usr/local/texlive/2015/texmf-dist/tex/latex/microtype/mt-cmr.cfg
File: mt-cmr.cfg 2013/05/19 v2.2 microtype config. file: Computer Modern Roman 
(RS)
)
(./tesi.glsdefs)
Package biblatex Info: Input encoding 'utf8' detected.
Package biblatex Info: Automatic encoding selection.
(biblatex)             Assuming data encoding 'utf8'.
\openout3 = `tesi.bcf'.

Package biblatex Info: Trying to load bibliographic data...
Package biblatex Info: ... file 'tesi.bbl' not found.

No file tesi.bbl.
Package biblatex Info: Reference section=0 on input line 113.
Package biblatex Info: Reference segment=0 on input line 113.
\c@lstlisting=\count359
ABD: EveryShipout initializing macros (./inizio-fine/frontespizio.tex
<immagini/logo-unipd.png, id=7, 943.525pt x 949.5475pt>
File: immagini/logo-unipd.png Graphic file (type png)

<use immagini/logo-unipd.png>
Package pdftex.def Info: immagini/logo-unipd.png used on input line 32.
(pdftex.def)             Requested size: 169.62561pt x 170.71652pt.
 [1

\openout5 = `tesi.ist'.



{/usr/local/texlive/2015/texmf-var/fonts/map/pdftex/updmap/pdftex.map} <./immag
ini/logo-unipd.png>])
(./inizio-fine/colophon.tex) (./inizio-fine/sommario.tex [2


])
(./inizio-fine/ringraziamenti.tex [3] [4

]
Underfull \hbox (badness 10000) in paragraph at lines 30--31

 []


Underfull \hbox (badness 10000) in paragraph at lines 32--33

 []


Underfull \hbox (badness 10000) in paragraph at lines 34--35

 []


Underfull \hbox (badness 10000) in paragraph at lines 36--37

 []

) (./inizio-fine/indici.tex [5] [6

] (./tesi.toc [7

])
\tf@toc=\write8
\openout8 = `tesi.toc'.

 [8] (./tesi.lof)
\tf@lof=\write9
\openout9 = `tesi.lof'.


(./tesi.lot [9

])
\tf@lot=\write10
\openout10 = `tesi.lot'.

 (./tesi.lol [10])
\tf@lol=\write11
\openout11 = `tesi.lol'.

 [11] [12

]) (./capitoli/capitolo-1.tex
Capitolo 1.
<immagini/../immagini/warda-logo.png, id=345, 702.625pt x 377.41pt>
File: immagini/../immagini/warda-logo.png Graphic file (type png)

<use immagini/../immagini/warda-logo.png>
Package pdftex.def Info: immagini/../immagini/warda-logo.png used on input line
 21.
(pdftex.def)             Requested size: 186.0pt x 99.90952pt.

Underfull \vbox (badness 2096) has occurred while \output is active []

 [1



 <./immagini/../immagini/warda-logo.png>]) (./capitoli/capitolo-2.tex [2]
Capitolo 2.
[3

]
LaTeX Font Info:    Try loading font information for T1+SourceCodePro-TLF on in
put line 58.

(/usr/local/texlive/2015/texmf-dist/tex/latex/sourcecodepro/T1SourceCodePro-TLF
.fd
File: T1SourceCodePro-TLF.fd 2015/01/11 (autoinst) Font definitions for T1/Sour
ceCodePro-TLF.
)
LaTeX Font Info:    Font shape `T1/SourceCodePro-TLF/m/n' will be
(Font)              scaled to size 8.0pt on input line 58.
Package microtype Info: Loading generic settings for font family
(microtype)             `SourceCodePro-TLF' (encoding: T1).
(microtype)             For optimal results, create family-specific settings.
(microtype)             See the microtype manual for details.
 [4]
<immagini/../immagini/prototipo-tabris.png, id=404, 1027.84pt x 770.88pt>
File: immagini/../immagini/prototipo-tabris.png Graphic file (type png)

<use immagini/../immagini/prototipo-tabris.png>
Package pdftex.def Info: immagini/../immagini/prototipo-tabris.png used on inpu
t line 88.
(pdftex.def)             Requested size: 372.0pt x 278.99869pt.
 [5]
<immagini/../immagini/ns-runtime.png, id=412, 382.42876pt x 234.1247pt>
File: immagini/../immagini/ns-runtime.png Graphic file (type png)

<use immagini/../immagini/ns-runtime.png>
Package pdftex.def Info: immagini/../immagini/ns-runtime.png used on input line
 119.
(pdftex.def)             Requested size: 279.0pt x 170.81314pt.
 [6 <./immagini/../immagini/prototipo-tabris.png>]
LaTeX Font Info:    Font shape `T1/SourceCodePro-TLF/m/n' will be
(Font)              scaled to size 10.0pt on input line 126.
Package hyperref Info: bookmark level for unknown lstlisting defaults to 0 on i
nput line 128.
Package csquotes Info: Input encoding change on input line 128.
 (/usr/local/texlive/2015/texmf-dist/tex/latex/base/utf8.def
File: utf8.def 2014/09/29 v1.1m UTF-8 support for inputenc
)
<immagini/../immagini/ns-architecture.png, id=421, 496.85625pt x 326.72063pt>
File: immagini/../immagini/ns-architecture.png Graphic file (type png)

<use immagini/../immagini/ns-architecture.png>
Package pdftex.def Info: immagini/../immagini/ns-architecture.png used on input
 line 150.
(pdftex.def)             Requested size: 186.0pt x 122.31055pt.
 [7 <./immagini/../immagini/ns-runtime.png>]
<immagini/../immagini/prototipo-react-native.png, id=434, 1027.84pt x 770.88pt>
File: immagini/../immagini/prototipo-react-native.png Graphic file (type png)
<use immagini/../immagini/prototipo-react-native.png>
Package pdftex.def Info: immagini/../immagini/prototipo-react-native.png used o
n input line 169.
(pdftex.def)             Requested size: 372.0pt x 278.99869pt.
 [8 <./immagini/../immagini/ns-architecture.png>] [9 <./immagini/../immagini/pr
ototipo-react-native.png>]
File: immagini/../immagini/prototipo-react-native.png Graphic file (type png)
<use immagini/../immagini/prototipo-react-native.png>
Package pdftex.def Info: immagini/../immagini/prototipo-react-native.png used o
n input line 224.
(pdftex.def)             Requested size: 372.0pt x 278.99869pt.
 [10] [11]
Underfull \hbox (badness 3029) in paragraph at lines 245--245
[]|\T1/cmr/m/n/10 (+20) Utilizza dei plug-
 []


Underfull \hbox (badness 3343) in paragraph at lines 245--245
\T1/cmr/m/n/10 (+20) ren-de-re ac-ces-si-bi-li
 []


Underfull \hbox (badness 3579) in paragraph at lines 245--245
[]|\T1/cmr/m/n/10 (+20) Utilizza una VM
 []


Underfull \hbox (badness 4291) in paragraph at lines 245--246
\T1/cmr/m/n/10 (+20) re un pon-te tra
 []


Underfull \hbox (badness 1107) in paragraph at lines 245--246
\T1/cmr/m/n/10 (+20) il Ja-va-Script e le
 []


Underfull \hbox (badness 10000) in paragraph at lines 249--249
[]|\T1/cmr/m/n/10 (+20) Possibilit di
 []


Underfull \hbox (badness 10000) in paragraph at lines 249--249
\T1/cmr/m/n/10 (+20) per-so-na-liz-za-
 []


Underfull \hbox (badness 3977) in paragraph at lines 249--249
[]|\T1/cmr/m/n/10 (+20) Limitata a quan-
 []


Underfull \hbox (badness 3977) in paragraph at lines 249--250
[]|\T1/cmr/m/n/10 (+20) Limitata a quan-
 []


Underfull \hbox (badness 10000) in paragraph at lines 253--253
[]|\T1/cmr/m/n/10 (+20) Mediante li-bre-rie
 []


Underfull \hbox (badness 10000) in paragraph at lines 257--257
[]|\T1/cmr/m/n/10 (+20) Piattaforme
 []

) (./capitoli/capitolo-3.tex [12

]
Capitolo 3.
[13

]
Package csquotes Info: Input encoding change on input line 51.
 (/usr/local/texlive/2015/texmf-dist/tex/latex/base/utf8.def
File: utf8.def 2014/09/29 v1.1m UTF-8 support for inputenc
)
Underfull \vbox (badness 10000) has occurred while \output is active []

 [14]
Package csquotes Info: Input encoding change on input line 86.

(/usr/local/texlive/2015/texmf-dist/tex/latex/base/utf8.def
File: utf8.def 2014/09/29 v1.1m UTF-8 support for inputenc
) [15]
Package csquotes Info: Input encoding change on input line 127.

(/usr/local/texlive/2015/texmf-dist/tex/latex/base/utf8.def
File: utf8.def 2014/09/29 v1.1m UTF-8 support for inputenc
) [16]
<immagini/../immagini/rn-devmenu.png, id=534, 246.9225pt x 286.06876pt>
File: immagini/../immagini/rn-devmenu.png Graphic file (type png)

<use immagini/../immagini/rn-devmenu.png>
Package pdftex.def Info: immagini/../immagini/rn-devmenu.png used on input line
 179.
(pdftex.def)             Requested size: 124.0pt x 143.65822pt.
 [17]
<immagini/../immagini/flux-simple.png, id=542, 1304.875pt x 394.47375pt>
File: immagini/../immagini/flux-simple.png Graphic file (type png)

<use immagini/../immagini/flux-simple.png>
Package pdftex.def Info: immagini/../immagini/flux-simple.png used on input lin
e 208.
(pdftex.def)             Requested size: 279.0pt x 84.3407pt.
 [18 <./immagini/../immagini/rn-devmenu.png> <./immagini/../immagini/flux-simpl
e.png>]
<immagini/../immagini/flux-diagram.png, id=550, 1120.185pt x 559.08875pt>
File: immagini/../immagini/flux-diagram.png Graphic file (type png)

<use immagini/../immagini/flux-diagram.png>
Package pdftex.def Info: immagini/../immagini/flux-diagram.png used on input li
ne 224.
(pdftex.def)             Requested size: 279.0pt x 139.25145pt.
 [19 <./immagini/../immagini/flux-diagram.png>] [20]
<immagini/../immagini/xcode-tools.png, id=573, 964.10187pt x 597.23125pt>
File: immagini/../immagini/xcode-tools.png Graphic file (type png)

<use immagini/../immagini/xcode-tools.png>
Package pdftex.def Info: immagini/../immagini/xcode-tools.png used on input lin
e 275.
(pdftex.def)             Requested size: 372.0pt x 230.4405pt.

<immagini/../immagini/chrome-tools.png, id=574, 813.53937pt x 681.54625pt>
File: immagini/../immagini/chrome-tools.png Graphic file (type png)

<use immagini/../immagini/chrome-tools.png>
Package pdftex.def Info: immagini/../immagini/chrome-tools.png used on input li
ne 294.
(pdftex.def)             Requested size: 372.0pt x 311.64316pt.
 [21 <./immagini/../immagini/xcode-tools.png>] [22 <./immagini/../immagini/chro
me-tools.png>]
Package csquotes Info: Input encoding change on input line 315.

(/usr/local/texlive/2015/texmf-dist/tex/latex/base/utf8.def
File: utf8.def 2014/09/29 v1.1m UTF-8 support for inputenc
)
Package csquotes Info: Input encoding change on input line 338.

(/usr/local/texlive/2015/texmf-dist/tex/latex/base/utf8.def
File: utf8.def 2014/09/29 v1.1m UTF-8 support for inputenc
) [23])
(./capitoli/capitolo-4.tex [24]
Capitolo 4.
<immagini/../immagini/warda-gallery.png, id=616, 1584.92125pt x 1188.44pt>
File: immagini/../immagini/warda-gallery.png Graphic file (type png)

<use immagini/../immagini/warda-gallery.png>
Package pdftex.def Info: immagini/../immagini/warda-gallery.png used on input l
ine 48.
(pdftex.def)             Requested size: 372.0pt x 278.93889pt.
 [25

]
<immagini/../immagini/warda-gallery-lista-nodi.png, id=622, 464.73625pt x 499.8
675pt>
File: immagini/../immagini/warda-gallery-lista-nodi.png Graphic file (type png)

 <use immagini/../immagini/warda-gallery-lista-nodi.png>
Package pdftex.def Info: immagini/../immagini/warda-gallery-lista-nodi.png used
 on input line 56.
(pdftex.def)             Requested size: 139.42194pt x 149.9614pt.
 [26 <./immagini/../immagini/warda-gallery.png>]
<immagini/../immagini/warda-gallery-griglia.png, id=628, 1176.395pt x 793.96625
pt>
File: immagini/../immagini/warda-gallery-griglia.png Graphic file (type png)
 <use immagini/../immagini/warda-gallery-griglia.png>
Package pdftex.def Info: immagini/../immagini/warda-gallery-griglia.png used on
 input line 74.
(pdftex.def)             Requested size: 372.0pt x 251.06989pt.

<immagini/../immagini/warda-gallery-dettaglio.png, id=630, 918.43124pt x 626.34
pt>
File: immagini/../immagini/warda-gallery-dettaglio.png Graphic file (type png)
 <use immagini/../immagini/warda-gallery-dettaglio.png>
Package pdftex.def Info: immagini/../immagini/warda-gallery-dettaglio.png used 
on input line 82.
(pdftex.def)             Requested size: 229.60724pt x 156.58461pt.
 [27 <./immagini/../immagini/warda-gallery-lista-nodi.png> <./immagini/../immag
ini/warda-gallery-griglia.png>]
<immagini/../immagini/warda-filtri.png, id=641, 427.5975pt x 1074.0125pt>
File: immagini/../immagini/warda-filtri.png Graphic file (type png)

<use immagini/../immagini/warda-filtri.png>
Package pdftex.def Info: immagini/../immagini/warda-filtri.png used on input li
ne 95.
(pdftex.def)             Requested size: 85.51797pt x 214.79869pt.
 [28 <./immagini/../immagini/warda-gallery-dettaglio.png> <./immagini/../immagi
ni/warda-filtri.png>]
<immagini/../immagini/warda-asset-no-dettaglio.png, id=649, 1027.84pt x 770.88p
t>
File: immagini/../immagini/warda-asset-no-dettaglio.png Graphic file (type png)

 <use immagini/../immagini/warda-asset-no-dettaglio.png>
Package pdftex.def Info: immagini/../immagini/warda-asset-no-dettaglio.png used
 on input line 121.
(pdftex.def)             Requested size: 256.95937pt x 192.71953pt.

<immagini/../immagini/warda-asset-dettaglio.png, id=650, 1027.84pt x 770.88pt>
File: immagini/../immagini/warda-asset-dettaglio.png Graphic file (type png)

<use immagini/../immagini/warda-asset-dettaglio.png>
Package pdftex.def Info: immagini/../immagini/warda-asset-dettaglio.png used on
 input line 127.
(pdftex.def)             Requested size: 256.95937pt x 192.71953pt.
 [29 <./immagini/../immagini/warda-asset-no-dettaglio.png>] (./extra/requisiti.
tex [30 <./immagini/../immagini/warda-asset-dettaglio.png>]
Underfull \hbox (badness 2762) in paragraph at lines 20--20
\T1/cmr/m/n/10 (+20) gior-na-men-to del-la li-sta dei no-di fi-gli e del-la li-
sta de-gli
 []


Underfull \hbox (badness 1817) in paragraph at lines 56--56
[]|\T1/cmr/m/n/10 (+20) L'utente de-ve vi-sua-liz-za-re un mes-sag-gio d'er-ro-
re nel ca-so
 []

[31

] [32])

Package caption Warning: The option `hypcap=true' will be ignored for this
(caption)                particular \caption on input line 178.
See the caption package documentation for explanation.


Package caption Warning: The option `hypcap=true' will be ignored for this
(caption)                particular \caption on input line 189.
See the caption package documentation for explanation.


Underfull \hbox (badness 10000) in paragraph at lines 166--193

 []


Underfull \hbox (badness 10000) in paragraph at lines 166--193

 []


Underfull \hbox (badness 10000) in paragraph at lines 166--193

 []


Underfull \hbox (badness 10000) in paragraph at lines 166--193

 []


Underfull \hbox (badness 10000) in paragraph at lines 166--193

 []


<immagini/../immagini/requisiti-totale-importanza.png, id=669, 232.36812pt x 16
0.6pt>
File: immagini/../immagini/requisiti-totale-importanza.png Graphic file (type p
ng)
 <use immagini/../immagini/requisiti-totale-importanza.png>
Package pdftex.def Info: immagini/../immagini/requisiti-totale-importanza.png u
sed on input line 197.
(pdftex.def)             Requested size: 162.65656pt x 112.41922pt.


Package caption Warning: The option `hypcap=true' will be ignored for this
(caption)                particular \caption on input line 198.
See the caption package documentation for explanation.


<immagini/../immagini/requisiti-totale-tipologia.png, id=670, 227.34938pt x 160
.09813pt>
File: immagini/../immagini/requisiti-totale-tipologia.png Graphic file (type pn
g)
 <use immagini/../immagini/requisiti-totale-tipologia.png>
Package pdftex.def Info: immagini/../immagini/requisiti-totale-tipologia.png us
ed on input line 203.
(pdftex.def)             Requested size: 159.14346pt x 112.0679pt.


Package caption Warning: The option `hypcap=true' will be ignored for this
(caption)                particular \caption on input line 204.
See the caption package documentation for explanation.


Overfull \hbox (14.0pt too wide) in paragraph at lines 194--207
[]$[]$ 
 []

) (./capitoli/capitolo-5.tex [33

 <./immagini/../immagini/requisiti-totale-importanza.png> <./immagini/../immagi
ni/requisiti-totale-tipologia.png>] [34

]
Capitolo 5.
[35]
Package csquotes Info: Input encoding change on input line 49.
 (/usr/local/texlive/2015/texmf-dist/tex/latex/base/utf8.def
File: utf8.def 2014/09/29 v1.1m UTF-8 support for inputenc
) [36]
Package csquotes Info: Input encoding change on input line 102.

(/usr/local/texlive/2015/texmf-dist/tex/latex/base/utf8.def
File: utf8.def 2014/09/29 v1.1m UTF-8 support for inputenc
) [37]
Package csquotes Info: Input encoding change on input line 170.

(/usr/local/texlive/2015/texmf-dist/tex/latex/base/utf8.def
File: utf8.def 2014/09/29 v1.1m UTF-8 support for inputenc
)
Package csquotes Info: Input encoding change on input line 192.

(/usr/local/texlive/2015/texmf-dist/tex/latex/base/utf8.def
File: utf8.def 2014/09/29 v1.1m UTF-8 support for inputenc
) [38]
Package csquotes Info: Input encoding change on input line 216.

(/usr/local/texlive/2015/texmf-dist/tex/latex/base/utf8.def
File: utf8.def 2014/09/29 v1.1m UTF-8 support for inputenc
) [39] [40]
(./extra/actions/nodes-actions.tex [41]
Package csquotes Info: Input encoding change on input line 5.

(/usr/local/texlive/2015/texmf-dist/tex/latex/base/utf8.def
File: utf8.def 2014/09/29 v1.1m UTF-8 support for inputenc
))
(./extra/actions/assets-actions.tex
Package csquotes Info: Input encoding change on input line 12.

(/usr/local/texlive/2015/texmf-dist/tex/latex/base/utf8.def
File: utf8.def 2014/09/29 v1.1m UTF-8 support for inputenc
)
Package csquotes Info: Input encoding change on input line 27.

(/usr/local/texlive/2015/texmf-dist/tex/latex/base/utf8.def
File: utf8.def 2014/09/29 v1.1m UTF-8 support for inputenc
) [42]
Package csquotes Info: Input encoding change on input line 40.

(/usr/local/texlive/2015/texmf-dist/tex/latex/base/utf8.def
File: utf8.def 2014/09/29 v1.1m UTF-8 support for inputenc
)
Package csquotes Info: Input encoding change on input line 53.

(/usr/local/texlive/2015/texmf-dist/tex/latex/base/utf8.def
File: utf8.def 2014/09/29 v1.1m UTF-8 support for inputenc
))
(./extra/actions/filters-actions.tex
Package csquotes Info: Input encoding change on input line 13.

(/usr/local/texlive/2015/texmf-dist/tex/latex/base/utf8.def
File: utf8.def 2014/09/29 v1.1m UTF-8 support for inputenc
) [43]
Package csquotes Info: Input encoding change on input line 25.

(/usr/local/texlive/2015/texmf-dist/tex/latex/base/utf8.def
File: utf8.def 2014/09/29 v1.1m UTF-8 support for inputenc
)
Package csquotes Info: Input encoding change on input line 37.

(/usr/local/texlive/2015/texmf-dist/tex/latex/base/utf8.def
File: utf8.def 2014/09/29 v1.1m UTF-8 support for inputenc
)
Package csquotes Info: Input encoding change on input line 50.

(/usr/local/texlive/2015/texmf-dist/tex/latex/base/utf8.def
File: utf8.def 2014/09/29 v1.1m UTF-8 support for inputenc
))
(./extra/actions/errors-actions.tex [44]
Package csquotes Info: Input encoding change on input line 5.

(/usr/local/texlive/2015/texmf-dist/tex/latex/base/utf8.def
File: utf8.def 2014/09/29 v1.1m UTF-8 support for inputenc
)) [45] [46]
[47]) (./capitoli/capitolo-6.tex [48]
Capitolo 6.

Underfull \vbox (badness 1231) has occurred while \output is active []

 [49

]
Package csquotes Info: Input encoding change on input line 43.

(/usr/local/texlive/2015/texmf-dist/tex/latex/base/utf8.def
File: utf8.def 2014/09/29 v1.1m UTF-8 support for inputenc
)
Underfull \vbox (badness 3635) has occurred while \output is active []

 [50]
Package csquotes Info: Input encoding change on input line 87.

(/usr/local/texlive/2015/texmf-dist/tex/latex/base/utf8.def
File: utf8.def 2014/09/29 v1.1m UTF-8 support for inputenc
)
Underfull \vbox (badness 10000) has occurred while \output is active []

 [51]
Package csquotes Info: Input encoding change on input line 131.

(/usr/local/texlive/2015/texmf-dist/tex/latex/base/utf8.def
File: utf8.def 2014/09/29 v1.1m UTF-8 support for inputenc
) [52] [53]
Package csquotes Info: Input encoding change on input line 193.

(/usr/local/texlive/2015/texmf-dist/tex/latex/base/utf8.def
File: utf8.def 2014/09/29 v1.1m UTF-8 support for inputenc
)
Package csquotes Info: Input encoding change on input line 210.

(/usr/local/texlive/2015/texmf-dist/tex/latex/base/utf8.def
File: utf8.def 2014/09/29 v1.1m UTF-8 support for inputenc
)
<immagini/../immagini/swipe-start.png, id=990, 513.92pt x 385.44pt>
File: immagini/../immagini/swipe-start.png Graphic file (type png)

<use immagini/../immagini/swipe-start.png>
Package pdftex.def Info: immagini/../immagini/swipe-start.png used on input lin
e 239.
(pdftex.def)             Requested size: 128.47968pt x 96.35976pt.


Package caption Warning: The option `hypcap=true' will be ignored for this
(caption)                particular \caption on input line 240.
See the caption package documentation for explanation.

<immagini/../immagini/swipe-follow.png, id=991, 513.92pt x 385.44pt>
File: immagini/../immagini/swipe-follow.png Graphic file (type png)

<use immagini/../immagini/swipe-follow.png>
Package pdftex.def Info: immagini/../immagini/swipe-follow.png used on input li
ne 245.
(pdftex.def)             Requested size: 128.47968pt x 96.35976pt.


Package caption Warning: The option `hypcap=true' will be ignored for this
(caption)                particular \caption on input line 246.
See the caption package documentation for explanation.

[54]
Package csquotes Info: Input encoding change on input line 260.
 (/usr/local/texlive/2015/texmf-dist/tex/latex/base/utf8.def
File: utf8.def 2014/09/29 v1.1m UTF-8 support for inputenc
)
Underfull \vbox (badness 10000) has occurred while \output is active []

 [55 <./immagini/../immagini/swipe-start.png> <./immagini/../immagini/swipe-fol
low.png>]
[56]) (./capitoli/capitolo-7.tex [57] [58

]
Capitolo 7.
<immagini/../immagini/wg-gallery.png, id=1101, 2055.68pt x 1541.76pt>
File: immagini/../immagini/wg-gallery.png Graphic file (type png)

<use immagini/../immagini/wg-gallery.png>
Package pdftex.def Info: immagini/../immagini/wg-gallery.png used on input line
 17.
(pdftex.def)             Requested size: 372.0pt x 278.98692pt.
 [59 <./immagini/../immagini/wg-gallery.png>] [60]) [61] [62

]
No file tesi.gls.
No file tesi.acr.
(./inizio-fine/bibliografia.tex

LaTeX Warning: Empty bibliography on input line 11.

) [63]
Package atveryend Info: Empty hook `BeforeClearDocument' on input line 147.
Package atveryend Info: Empty hook `AfterLastShipout' on input line 147.
 (./tesi.aux

Package mparhack Warning: Marginpars may have changed.
(mparhack)                Rerun to get them right.

)
Package atveryend Info: Executing hook `AtVeryEndDocument' on input line 147.
Package atveryend Info: Empty hook `AtEndAfterFileList' on input line 147.


LaTeX Warning: There were undefined references.


Package biblatex Warning: Please (re)run Biber on the file:
(biblatex)                tesi
(biblatex)                and rerun LaTeX afterwards.

Package logreq Info: Writing requests to 'tesi.run.xml'.
\openout1 = `tesi.run.xml'.

 ) 
Here is how much of TeX's memory you used:
 34792 strings out of 493089
 614937 string characters out of 6134842
 1337382 words of memory out of 5000000
 36657 multiletter control sequences out of 15000+600000
 34699 words of font info for 138 fonts, out of 8000000 for 9000
 1143 hyphenation exceptions out of 8191
 62i,11n,85p,1792b,3111s stack positions out of 5000i,500n,10000p,200000b,80000s
pdfTeX warning (dest): name{glo:swipe} has been referenced but does not exist
, replaced by a fixed one

pdfTeX warning (dest): name{glo:tap} has been referenced but does not exist, re
placed by a fixed one

pdfTeX warning (dest): name{glo:popover} has been referenced but does not exist
, replaced by a fixed one

pdfTeX warning (dest): name{glo:mock} has been referenced but does not exist, r
eplaced by a fixed one

pdfTeX warning (dest): name{glo:singleton} has been referenced but does not exi
st, replaced by a fixed one

pdfTeX warning (dest): name{glo:FPS} has been referenced but does not exist, re
placed by a fixed one

pdfTeX warning (dest): name{glo:pinch-to-zoom} has been referenced but does not
 exist, replaced by a fixed one

pdfTeX warning (dest): name{glo:pan} has been referenced but does not exist, re
placed by a fixed one

pdfTeX warning (dest): name{glo:MVC} has been referenced but does not exist, re
placed by a fixed one

pdfTeX warning (dest): name{glo:riflessione} has been referenced but does not e
xist, replaced by a fixed one

pdfTeX warning (dest): name{glo:proxy} has been referenced but does not exist, 
replaced by a fixed one

pdfTeX warning (dest): name{glo:JavaScriptCore} has been referenced but does no
t exist, replaced by a fixed one

pdfTeX warning (dest): name{glo:V8} has been referenced but does not exist, rep
laced by a fixed one

pdfTeX warning (dest): name{glo:npm} has been referenced but does not exist, re
placed by a fixed one

pdfTeX warning (dest): name{glo:gesture} has been referenced but does not exist
, replaced by a fixed one

pdfTeX warning (dest): name{glo:PhoneGap} has been referenced but does not exis
t, replaced by a fixed one

pdfTeX warning (dest): name{glo:WebView} has been referenced but does not exist
, replaced by a fixed one

pdfTeX warning (dest): name{glo:Obj-C} has been referenced but does not exist, 
replaced by a fixed one

pdfTeX warning (dest): name{glo:rendering} has been referenced but does not exi
st, replaced by a fixed one

pdfTeX warning (dest): name{glo:DOM} has been referenced but does not exist, re
placed by a fixed one

pdfTeX warning (dest): name{glo:SDK} has been referenced but does not exist, re
placed by a fixed one

pdfTeX warning (dest): name{glo:virtual\040machine} has been referenced but doe
s not exist, replaced by a fixed one

pdfTeX warning (dest): name{glo:REST} has been referenced but does not exist, r
eplaced by a fixed one

pdfTeX warning (dest): name{glo:API} has been referenced but does not exist, re
placed by a fixed one

pdfTeX warning (dest): name{glo:Cordova} has been referenced but does not exist
, replaced by a fixed one

{/usr/local/texlive/2015/texmf-dist/fonts/enc/dvips/cm-super/cm-super-t1.enc}{/
usr/local/texlive/2015/texmf-dist/fonts/enc/dvips/sourcecodepro/a_mqb3sg.enc}</
usr/local/texlive/2015/texmf-dist/fonts/type1/adobe/sourcecodepro/SourceCodePro
-Regular.pfb></usr/local/texlive/2015/texmf-dist/fonts/type1/public/amsfonts/cm
/cmsy10.pfb></usr/local/texlive/2015/texmf-dist/fonts/type1/public/amsfonts/lat
xfont/lcircle1.pfb></usr/local/texlive/2015/texmf-dist/fonts/type1/public/cm-su
per/sfbx0900.pfb></usr/local/texlive/2015/texmf-dist/fonts/type1/public/cm-supe
r/sfbx1000.pfb></usr/local/texlive/2015/texmf-dist/fonts/type1/public/cm-super/
sfbx1200.pfb></usr/local/texlive/2015/texmf-dist/fonts/type1/public/cm-super/sf
bx1440.pfb></usr/local/texlive/2015/texmf-dist/fonts/type1/public/cm-super/sfbx
1728.pfb></usr/local/texlive/2015/texmf-dist/fonts/type1/public/cm-super/sfbx20
74.pfb></usr/local/texlive/2015/texmf-dist/fonts/type1/public/cm-super/sfbx2488
.pfb></usr/local/texlive/2015/texmf-dist/fonts/type1/public/cm-super/sfcc1000.p
fb></usr/local/texlive/2015/texmf-dist/fonts/type1/public/cm-super/sfcc1200.pfb
></usr/local/texlive/2015/texmf-dist/fonts/type1/public/cm-super/sfcc1440.pfb><
/usr/local/texlive/2015/texmf-dist/fonts/type1/public/cm-super/sfrm0500.pfb></u
sr/local/texlive/2015/texmf-dist/fonts/type1/public/cm-super/sfrm0600.pfb></usr
/local/texlive/2015/texmf-dist/fonts/type1/public/cm-super/sfrm0700.pfb></usr/l
ocal/texlive/2015/texmf-dist/fonts/type1/public/cm-super/sfrm0800.pfb></usr/loc
al/texlive/2015/texmf-dist/fonts/type1/public/cm-super/sfrm0900.pfb></usr/local
/texlive/2015/texmf-dist/fonts/type1/public/cm-super/sfrm1000.pfb></usr/local/t
exlive/2015/texmf-dist/fonts/type1/public/cm-super/sfrm1200.pfb></usr/local/tex
live/2015/texmf-dist/fonts/type1/public/cm-super/sfsl1000.pfb></usr/local/texli
ve/2015/texmf-dist/fonts/type1/public/cm-super/sfsl1200.pfb></usr/local/texlive
/2015/texmf-dist/fonts/type1/public/cm-super/sfti1000.pfb></usr/local/texlive/2
015/texmf-dist/fonts/type1/public/cm-super/sfti1200.pfb>
Output written on tesi.pdf (75 pages, 7313654 bytes).
PDF statistics:
 1571 PDF objects out of 1728 (max. 8388607)
 1418 compressed objects within 15 object streams
 628 named destinations out of 1000 (max. 500000)
 35568 words of extra memory for PDF output out of 35830 (max. 10000000)

